<?xml version="1.0" encoding="UTF-8"?>
<testsuite name="LingoWordsValidatorTest" tests="2" skipped="0" failures="0" errors="0" timestamp="2020-06-08T10:31:15" hostname="DESKTOP-HTP4CB3" time="0.469">
  <properties/>
  <testcase name="WordInValidTest()" classname="LingoWordsValidatorTest" time="0.001"/>
  <testcase name="WordValidTest()" classname="LingoWordsValidatorTest" time="0.467"/>
  <system-out><![CDATA[aanzien : true
email : true
smeer : true
]]></system-out>
  <system-err><![CDATA[]]></system-err>
</testsuite>
