<?xml version="1.0" encoding="UTF-8"?>
<testsuite name="LingoWordsFeedbackTest" tests="2" skipped="0" failures="0" errors="0" timestamp="2020-06-08T17:09:23" hostname="DESKTOP-HTP4CB3" time="0.996">
  <properties/>
  <testcase name="WordPresentAndAbsent2Test()" classname="LingoWordsFeedbackTest" time="0.378"/>
  <testcase name="WordPresentAndAbsentTest()" classname="LingoWordsFeedbackTest" time="0.618"/>
  <system-out><![CDATA[aanvang : true
Feedback [a correct, a correct, n correct, v absent, a present, n present, g absent]
aanzoek : true
Feedback [a correct, a correct, n correct, z correct, o absent, e correct, k absent]
aanvoer : true
Feedback [a correct, a correct, n correct, v absent, o absent, e correct, r absent]
bartje : false
Feedback [b invalid, a invalid, r invalid, t invalid, j invalid, e invalid]
barend : false
Feedback [b invalid, a invalid, r invalid, e invalid, n invalid, d invalid]
kareje : false
Feedback [k invalid, a invalid, r invalid, e invalid, j invalid, e invalid]
artje : false
Feedback [a invalid, r invalid, t invalid, j invalid, e invalid]
Feedback [b invalid, a invalid, r invalid, t invalid, j invalid, e invalid, s invalid, s invalid]
bartje : false
Feedback [b invalid, a invalid, r invalid, t invalid, j invalid, e invalid]
]]></system-out>
  <system-err><![CDATA[]]></system-err>
</testsuite>
