<?xml version="1.0" encoding="UTF-8"?>
<testsuite name="LingoWordsApiTest" tests="5" skipped="0" failures="0" errors="0" timestamp="2020-06-08T17:09:22" hostname="DESKTOP-HTP4CB3" time="1.215">
  <properties/>
  <testcase name="WordsApiTest()" classname="LingoWordsApiTest" time="0.311"/>
  <testcase name="WordLengthApiTest()" classname="LingoWordsApiTest" time="0.125"/>
  <testcase name="WordApiTest()" classname="LingoWordsApiTest" time="0.119"/>
  <testcase name="WordPresentAndAbsentTest()" classname="LingoWordsApiTest" time="0.498"/>
  <testcase name="WordsLengthApiTest()" classname="LingoWordsApiTest" time="0.16"/>
  <system-out><![CDATA[18462
word [Length=5, Word=loens]
word [Length=6, Word=runsel]
aanzien : true
Aanzien : false
aanzien1 : false
aan : false
3275
]]></system-out>
  <system-err><![CDATA[]]></system-err>
</testsuite>
