<?xml version="1.0" encoding="UTF-8"?>
<testsuite name="lingo.game.LingoWordsPlayTest" tests="2" skipped="0" failures="0" errors="0" timestamp="2020-06-09T14:04:01" hostname="DESKTOP-HTP4CB3" time="1.539">
  <properties/>
  <testcase name="initsializeTest()" classname="lingo.game.LingoWordsPlayTest" time="0.256"/>
  <testcase name="playTest()" classname="lingo.game.LingoWordsPlayTest" time="1.282"/>
  <system-out><![CDATA[16:03:54.773 [Test worker] DEBUG org.springframework.test.context.BootstrapUtils - Instantiating CacheAwareContextLoaderDelegate from class [org.springframework.test.context.cache.DefaultCacheAwareContextLoaderDelegate]
16:03:54.808 [Test worker] DEBUG org.springframework.test.context.BootstrapUtils - Instantiating BootstrapContext using constructor [public org.springframework.test.context.support.DefaultBootstrapContext(java.lang.Class,org.springframework.test.context.CacheAwareContextLoaderDelegate)]
16:03:54.891 [Test worker] DEBUG org.springframework.test.context.BootstrapUtils - Instantiating TestContextBootstrapper for test class [lingo.game.LingoWordsPlayTest] from class [org.springframework.boot.test.context.SpringBootTestContextBootstrapper]
16:03:54.942 [Test worker] INFO org.springframework.boot.test.context.SpringBootTestContextBootstrapper - Neither @ContextConfiguration nor @ContextHierarchy found for test class [lingo.game.LingoWordsPlayTest], using SpringBootContextLoader
16:03:54.953 [Test worker] DEBUG org.springframework.test.context.support.AbstractContextLoader - Did not detect default resource location for test class [lingo.game.LingoWordsPlayTest]: class path resource [lingo/game/LingoWordsPlayTest-context.xml] does not exist
16:03:54.954 [Test worker] DEBUG org.springframework.test.context.support.AbstractContextLoader - Did not detect default resource location for test class [lingo.game.LingoWordsPlayTest]: class path resource [lingo/game/LingoWordsPlayTestContext.groovy] does not exist
16:03:54.955 [Test worker] INFO org.springframework.test.context.support.AbstractContextLoader - Could not detect default resource locations for test class [lingo.game.LingoWordsPlayTest]: no resource found for suffixes {-context.xml, Context.groovy}.
16:03:54.956 [Test worker] INFO org.springframework.test.context.support.AnnotationConfigContextLoaderUtils - Could not detect default configuration classes for test class [lingo.game.LingoWordsPlayTest]: LingoWordsPlayTest does not declare any static, non-private, non-final, nested classes annotated with @Configuration.
16:03:55.042 [Test worker] DEBUG org.springframework.test.context.support.ActiveProfilesUtils - Could not find an 'annotation declaring class' for annotation type [org.springframework.test.context.ActiveProfiles] and class [lingo.game.LingoWordsPlayTest]
16:03:55.208 [Test worker] DEBUG org.springframework.context.annotation.ClassPathScanningCandidateComponentProvider - Identified candidate component class: file [C:\Users\jacoc\Documents\GitHub\game\build\classes\java\main\lingo\game\WordsApplication.class]
16:03:55.213 [Test worker] INFO org.springframework.boot.test.context.SpringBootTestContextBootstrapper - Found @SpringBootConfiguration lingo.game.WordsApplication for test class lingo.game.LingoWordsPlayTest
16:03:55.503 [Test worker] DEBUG org.springframework.boot.test.context.SpringBootTestContextBootstrapper - @TestExecutionListeners is not present for class [lingo.game.LingoWordsPlayTest]: using defaults.
16:03:55.505 [Test worker] INFO org.springframework.boot.test.context.SpringBootTestContextBootstrapper - Loaded default TestExecutionListener class names from location [META-INF/spring.factories]: [org.springframework.boot.test.autoconfigure.restdocs.RestDocsTestExecutionListener, org.springframework.boot.test.autoconfigure.web.client.MockRestServiceServerResetTestExecutionListener, org.springframework.boot.test.autoconfigure.web.servlet.MockMvcPrintOnlyOnFailureTestExecutionListener, org.springframework.boot.test.autoconfigure.web.servlet.WebDriverTestExecutionListener, org.springframework.boot.test.mock.mockito.MockitoTestExecutionListener, org.springframework.boot.test.mock.mockito.ResetMocksTestExecutionListener, org.springframework.test.context.web.ServletTestExecutionListener, org.springframework.test.context.support.DirtiesContextBeforeModesTestExecutionListener, org.springframework.test.context.support.DependencyInjectionTestExecutionListener, org.springframework.test.context.support.DirtiesContextTestExecutionListener, org.springframework.test.context.transaction.TransactionalTestExecutionListener, org.springframework.test.context.jdbc.SqlScriptsTestExecutionListener, org.springframework.test.context.event.EventPublishingTestExecutionListener]
16:03:55.542 [Test worker] DEBUG org.springframework.boot.test.context.SpringBootTestContextBootstrapper - Skipping candidate TestExecutionListener [org.springframework.test.context.transaction.TransactionalTestExecutionListener] due to a missing dependency. Specify custom listener classes or make the default listener classes and their required dependencies available. Offending class: [org/springframework/transaction/interceptor/TransactionAttributeSource]
16:03:55.546 [Test worker] DEBUG org.springframework.boot.test.context.SpringBootTestContextBootstrapper - Skipping candidate TestExecutionListener [org.springframework.test.context.jdbc.SqlScriptsTestExecutionListener] due to a missing dependency. Specify custom listener classes or make the default listener classes and their required dependencies available. Offending class: [org/springframework/transaction/interceptor/TransactionAttribute]
16:03:55.548 [Test worker] INFO org.springframework.boot.test.context.SpringBootTestContextBootstrapper - Using TestExecutionListeners: [org.springframework.test.context.web.ServletTestExecutionListener@38958a3, org.springframework.test.context.support.DirtiesContextBeforeModesTestExecutionListener@7c198b39, org.springframework.boot.test.mock.mockito.MockitoTestExecutionListener@53037617, org.springframework.boot.test.autoconfigure.SpringBootDependencyInjectionTestExecutionListener@4b6c8a2b, org.springframework.test.context.support.DirtiesContextTestExecutionListener@2e98fa5, org.springframework.test.context.event.EventPublishingTestExecutionListener@32199c82, org.springframework.boot.test.autoconfigure.restdocs.RestDocsTestExecutionListener@7ae2e718, org.springframework.boot.test.autoconfigure.web.client.MockRestServiceServerResetTestExecutionListener@55f007bd, org.springframework.boot.test.autoconfigure.web.servlet.MockMvcPrintOnlyOnFailureTestExecutionListener@1baa3e01, org.springframework.boot.test.autoconfigure.web.servlet.WebDriverTestExecutionListener@65a95c7a, org.springframework.boot.test.mock.mockito.ResetMocksTestExecutionListener@81eadf0]
16:03:55.559 [Test worker] DEBUG org.springframework.test.context.support.AbstractDirtiesContextTestExecutionListener - Before test class: context [DefaultTestContext@654ac1b2 testClass = LingoWordsPlayTest, testInstance = [null], testMethod = [null], testException = [null], mergedContextConfiguration = [WebMergedContextConfiguration@7daa63cb testClass = LingoWordsPlayTest, locations = '{}', classes = '{class lingo.game.WordsApplication}', contextInitializerClasses = '[]', activeProfiles = '{}', propertySourceLocations = '{}', propertySourceProperties = '{org.springframework.boot.test.context.SpringBootTestContextBootstrapper=true}', contextCustomizers = set[org.springframework.boot.test.autoconfigure.properties.PropertyMappingContextCustomizer@0, org.springframework.boot.test.autoconfigure.web.servlet.WebDriverContextCustomizerFactory$Customizer@65e28085, org.springframework.boot.test.context.filter.ExcludeFilterContextCustomizer@530e35a7, org.springframework.boot.test.json.DuplicateJsonObjectContextCustomizerFactory$DuplicateJsonObjectContextCustomizer@5b8f9936, org.springframework.boot.test.mock.mockito.MockitoContextCustomizer@0, org.springframework.boot.test.web.client.TestRestTemplateContextCustomizer@7a61d31], resourceBasePath = 'src/main/webapp', contextLoader = 'org.springframework.boot.test.context.SpringBootContextLoader', parent = [null]], attributes = map['org.springframework.test.context.web.ServletTestExecutionListener.activateListener' -> true]], class annotated with @DirtiesContext [false] with mode [null].
16:03:55.618 [Test worker] DEBUG org.springframework.test.context.support.TestPropertySourceUtils - Adding inlined properties to environment: {spring.jmx.enabled=false, org.springframework.boot.test.context.SpringBootTestContextBootstrapper=true, server.port=-1}

  .   ____          _            __ _ _
 /\\ / ___'_ __ _ _(_)_ __  __ _ \ \ \ \
( ( )\___ | '_ | '_| | '_ \/ _` | \ \ \ \
 \\/  ___)| |_)| | | | | || (_| |  ) ) ) )
  '  |____| .__|_| |_|_| |_\__, | / / / /
 =========|_|==============|___/=/_/_/_/
 :: Spring Boot ::        (v2.2.6.RELEASE)

2020-06-09 16:03:56.459  INFO 10416 --- [    Test worker] lingo.game.LingoWordsPlayTest            : Starting LingoWordsPlayTest on DESKTOP-HTP4CB3 with PID 10416 (started by jacoc in C:\Users\jacoc\Documents\GitHub\game)
2020-06-09 16:03:56.462  INFO 10416 --- [    Test worker] lingo.game.LingoWordsPlayTest            : No active profile set, falling back to default profiles: default
2020-06-09 16:03:58.845  INFO 10416 --- [    Test worker] o.s.s.concurrent.ThreadPoolTaskExecutor  : Initializing ExecutorService 'applicationTaskExecutor'
2020-06-09 16:03:59.205  INFO 10416 --- [    Test worker] lingo.game.LingoWordsPlayTest            : Started LingoWordsPlayTest in 3.563 seconds (JVM running for 5.908)
Initsialize word game
word [Length=7, Word=rouwmis]
word [Length=5, Word=klaaf]
18462
3275
word [Length=5, Word=sneep]
0Wmghq9k2Z
Game{rounds=[], active=false, score=0, gameKey=0Wmghq9k2Z}[Game{rounds=[Round{word=word [Length=5, Word=sneep], timer=10, turn=1, feedback='null'}], active=true, score=0, gameKey=0Wmghq9k2Z}]
Score:0
Game{rounds=[], active=false, score=0, gameKey=0Wmghq9k2Z}[Game{rounds=[Round{word=word [Length=5, Word=sneep], timer=10, turn=1, feedback='null'}], active=true, score=0, gameKey=0Wmghq9k2Z}]
Round:1
Game{rounds=[], active=false, score=0, gameKey=0Wmghq9k2Z}[Game{rounds=[Round{word=word [Length=5, Word=sneep], timer=10, turn=1, feedback='null'}], active=true, score=0, gameKey=0Wmghq9k2Z}]
Turns left:1/5
Game{rounds=[], active=false, score=0, gameKey=0Wmghq9k2Z}[Game{rounds=[Round{word=word [Length=5, Word=sneep], timer=10, turn=1, feedback='null'}], active=true, score=0, gameKey=0Wmghq9k2Z}]
Time left:10
Game{rounds=[], active=false, score=0, gameKey=0Wmghq9k2Z}[Game{rounds=[Round{word=word [Length=5, Word=sneep], timer=10, turn=1, feedback='null'}], active=true, score=0, gameKey=0Wmghq9k2Z}]
To guess word:word [Length=5, Word=sneep]
Game{rounds=[], active=false, score=0, gameKey=0Wmghq9k2Z}[Game{rounds=[Round{word=word [Length=5, Word=sneep], timer=10, turn=1, feedback='null'}], active=true, score=0, gameKey=0Wmghq9k2Z}]
Game word parts with placehodler:s____
Game{rounds=[], active=false, score=0, gameKey=0Wmghq9k2Z}[Game{rounds=[Round{word=word [Length=5, Word=sneep], timer=10, turn=1, feedback='null'}], active=true, score=0, gameKey=0Wmghq9k2Z}]
Game word parts:s
Game{rounds=[], active=false, score=0, gameKey=0Wmghq9k2Z}[Game{rounds=[Round{word=word [Length=5, Word=sneep], timer=10, turn=1, feedback='null'}], active=true, score=0, gameKey=0Wmghq9k2Z}]
Game{rounds=[], active=false, score=0, gameKey=0Wmghq9k2Z}[Game{rounds=[Round{word=word [Length=5, Word=sneep], timer=10, turn=1, feedback='null'}], active=true, score=0, gameKey=0Wmghq9k2Z}]
peanut : false
Feedback [p invalid, e invalid, a invalid, n invalid, u invalid, t invalid]
Game{rounds=[], active=false, score=0, gameKey=0Wmghq9k2Z}[Game{rounds=[Round{word=word [Length=5, Word=sneep], timer=10, turn=1, feedback='Feedback [p invalid, e invalid, a invalid, n invalid, u invalid, t invalid]'}], active=true, score=0, gameKey=0Wmghq9k2Z}]
Game{rounds=[], active=false, score=0, gameKey=0Wmghq9k2Z}[Game{rounds=[Round{word=word [Length=5, Word=sneep], timer=10, turn=1, feedback='Feedback [p invalid, e invalid, a invalid, n invalid, u invalid, t invalid]'}], active=true, score=0, gameKey=0Wmghq9k2Z}]
Game{rounds=[], active=false, score=0, gameKey=0Wmghq9k2Z}[Game{rounds=[Round{word=word [Length=5, Word=sneep], timer=10, turn=2, feedback='Feedback [p invalid, e invalid, a invalid, n invalid, u invalid, t invalid]'}], active=true, score=0, gameKey=0Wmghq9k2Z}]
Score:0
Game{rounds=[], active=false, score=0, gameKey=0Wmghq9k2Z}[Game{rounds=[Round{word=word [Length=5, Word=sneep], timer=10, turn=2, feedback='Feedback [p invalid, e invalid, a invalid, n invalid, u invalid, t invalid]'}], active=true, score=0, gameKey=0Wmghq9k2Z}]
Round:1
Game{rounds=[], active=false, score=0, gameKey=0Wmghq9k2Z}[Game{rounds=[Round{word=word [Length=5, Word=sneep], timer=10, turn=2, feedback='Feedback [p invalid, e invalid, a invalid, n invalid, u invalid, t invalid]'}], active=true, score=0, gameKey=0Wmghq9k2Z}]
Turns left:2/5
Game{rounds=[], active=false, score=0, gameKey=0Wmghq9k2Z}[Game{rounds=[Round{word=word [Length=5, Word=sneep], timer=10, turn=2, feedback='Feedback [p invalid, e invalid, a invalid, n invalid, u invalid, t invalid]'}], active=true, score=0, gameKey=0Wmghq9k2Z}]
Time left:10
Game{rounds=[], active=false, score=0, gameKey=0Wmghq9k2Z}[Game{rounds=[Round{word=word [Length=5, Word=sneep], timer=10, turn=2, feedback='Feedback [p invalid, e invalid, a invalid, n invalid, u invalid, t invalid]'}], active=true, score=0, gameKey=0Wmghq9k2Z}]
To guess word:word [Length=5, Word=sneep]
Game{rounds=[], active=false, score=0, gameKey=0Wmghq9k2Z}[Game{rounds=[Round{word=word [Length=5, Word=sneep], timer=10, turn=2, feedback='Feedback [p invalid, e invalid, a invalid, n invalid, u invalid, t invalid]'}], active=true, score=0, gameKey=0Wmghq9k2Z}]
Game word parts with placehodler:sn___
Game{rounds=[], active=false, score=0, gameKey=0Wmghq9k2Z}[Game{rounds=[Round{word=word [Length=5, Word=sneep], timer=10, turn=2, feedback='Feedback [p invalid, e invalid, a invalid, n invalid, u invalid, t invalid]'}], active=true, score=0, gameKey=0Wmghq9k2Z}]
Game word parts:sn
Game{rounds=[], active=false, score=0, gameKey=mF36k9hUmH}[Game{rounds=[Round{word=word [Length=5, Word=sneep], timer=10, turn=2, feedback='Feedback [p invalid, e invalid, a invalid, n invalid, u invalid, t invalid]'}], active=true, score=0, gameKey=0Wmghq9k2Z}, Game{rounds=[Round{word=word [Length=5, Word=steun], timer=10, turn=1, feedback='null'}], active=true, score=0, gameKey=mF36k9hUmH}]
Score:0
Game{rounds=[], active=false, score=0, gameKey=mF36k9hUmH}[Game{rounds=[Round{word=word [Length=5, Word=sneep], timer=10, turn=2, feedback='Feedback [p invalid, e invalid, a invalid, n invalid, u invalid, t invalid]'}], active=true, score=0, gameKey=0Wmghq9k2Z}, Game{rounds=[Round{word=word [Length=5, Word=steun], timer=10, turn=1, feedback='null'}], active=true, score=0, gameKey=mF36k9hUmH}]
Round:1
Game{rounds=[], active=false, score=0, gameKey=mF36k9hUmH}[Game{rounds=[Round{word=word [Length=5, Word=sneep], timer=10, turn=2, feedback='Feedback [p invalid, e invalid, a invalid, n invalid, u invalid, t invalid]'}], active=true, score=0, gameKey=0Wmghq9k2Z}, Game{rounds=[Round{word=word [Length=5, Word=steun], timer=10, turn=1, feedback='null'}], active=true, score=0, gameKey=mF36k9hUmH}]
Turns left:1/5
Game{rounds=[], active=false, score=0, gameKey=mF36k9hUmH}[Game{rounds=[Round{word=word [Length=5, Word=sneep], timer=10, turn=2, feedback='Feedback [p invalid, e invalid, a invalid, n invalid, u invalid, t invalid]'}], active=true, score=0, gameKey=0Wmghq9k2Z}, Game{rounds=[Round{word=word [Length=5, Word=steun], timer=10, turn=1, feedback='null'}], active=true, score=0, gameKey=mF36k9hUmH}]
Time left:10
Game{rounds=[], active=false, score=0, gameKey=mF36k9hUmH}[Game{rounds=[Round{word=word [Length=5, Word=sneep], timer=10, turn=2, feedback='Feedback [p invalid, e invalid, a invalid, n invalid, u invalid, t invalid]'}], active=true, score=0, gameKey=0Wmghq9k2Z}, Game{rounds=[Round{word=word [Length=5, Word=steun], timer=10, turn=1, feedback='null'}], active=true, score=0, gameKey=mF36k9hUmH}]
To guess word:word [Length=5, Word=steun]
Game{rounds=[], active=false, score=0, gameKey=mF36k9hUmH}[Game{rounds=[Round{word=word [Length=5, Word=sneep], timer=10, turn=2, feedback='Feedback [p invalid, e invalid, a invalid, n invalid, u invalid, t invalid]'}], active=true, score=0, gameKey=0Wmghq9k2Z}, Game{rounds=[Round{word=word [Length=5, Word=steun], timer=10, turn=1, feedback='null'}], active=true, score=0, gameKey=mF36k9hUmH}]
Game word parts with placehodler:s____
Game{rounds=[], active=false, score=0, gameKey=mF36k9hUmH}[Game{rounds=[Round{word=word [Length=5, Word=sneep], timer=10, turn=2, feedback='Feedback [p invalid, e invalid, a invalid, n invalid, u invalid, t invalid]'}], active=true, score=0, gameKey=0Wmghq9k2Z}, Game{rounds=[Round{word=word [Length=5, Word=steun], timer=10, turn=1, feedback='null'}], active=true, score=0, gameKey=mF36k9hUmH}]
Game word parts:s
mF36k9hUmH
Game{rounds=[], active=false, score=0, gameKey=mF36k9hUmH}[Game{rounds=[Round{word=word [Length=5, Word=sneep], timer=10, turn=2, feedback='Feedback [p invalid, e invalid, a invalid, n invalid, u invalid, t invalid]'}], active=true, score=0, gameKey=0Wmghq9k2Z}, Game{rounds=[Round{word=word [Length=5, Word=steun], timer=10, turn=1, feedback='null'}], active=true, score=0, gameKey=mF36k9hUmH}]
Score:0
Game{rounds=[], active=false, score=0, gameKey=mF36k9hUmH}[Game{rounds=[Round{word=word [Length=5, Word=sneep], timer=10, turn=2, feedback='Feedback [p invalid, e invalid, a invalid, n invalid, u invalid, t invalid]'}], active=true, score=0, gameKey=0Wmghq9k2Z}, Game{rounds=[Round{word=word [Length=5, Word=steun], timer=10, turn=1, feedback='null'}], active=true, score=0, gameKey=mF36k9hUmH}]
Round:1
Game{rounds=[], active=false, score=0, gameKey=mF36k9hUmH}[Game{rounds=[Round{word=word [Length=5, Word=sneep], timer=10, turn=2, feedback='Feedback [p invalid, e invalid, a invalid, n invalid, u invalid, t invalid]'}], active=true, score=0, gameKey=0Wmghq9k2Z}, Game{rounds=[Round{word=word [Length=5, Word=steun], timer=10, turn=1, feedback='null'}], active=true, score=0, gameKey=mF36k9hUmH}]
Turns left:1/5
Game{rounds=[], active=false, score=0, gameKey=mF36k9hUmH}[Game{rounds=[Round{word=word [Length=5, Word=sneep], timer=10, turn=2, feedback='Feedback [p invalid, e invalid, a invalid, n invalid, u invalid, t invalid]'}], active=true, score=0, gameKey=0Wmghq9k2Z}, Game{rounds=[Round{word=word [Length=5, Word=steun], timer=10, turn=1, feedback='null'}], active=true, score=0, gameKey=mF36k9hUmH}]
Time left:10
Game{rounds=[], active=false, score=0, gameKey=mF36k9hUmH}[Game{rounds=[Round{word=word [Length=5, Word=sneep], timer=10, turn=2, feedback='Feedback [p invalid, e invalid, a invalid, n invalid, u invalid, t invalid]'}], active=true, score=0, gameKey=0Wmghq9k2Z}, Game{rounds=[Round{word=word [Length=5, Word=steun], timer=10, turn=1, feedback='null'}], active=true, score=0, gameKey=mF36k9hUmH}]
To guess word:word [Length=5, Word=steun]
Game{rounds=[], active=false, score=0, gameKey=mF36k9hUmH}[Game{rounds=[Round{word=word [Length=5, Word=sneep], timer=10, turn=2, feedback='Feedback [p invalid, e invalid, a invalid, n invalid, u invalid, t invalid]'}], active=true, score=0, gameKey=0Wmghq9k2Z}, Game{rounds=[Round{word=word [Length=5, Word=steun], timer=10, turn=1, feedback='null'}], active=true, score=0, gameKey=mF36k9hUmH}]
Game word parts with placehodler:s____
Game{rounds=[], active=false, score=0, gameKey=mF36k9hUmH}[Game{rounds=[Round{word=word [Length=5, Word=sneep], timer=10, turn=2, feedback='Feedback [p invalid, e invalid, a invalid, n invalid, u invalid, t invalid]'}], active=true, score=0, gameKey=0Wmghq9k2Z}, Game{rounds=[Round{word=word [Length=5, Word=steun], timer=10, turn=1, feedback='null'}], active=true, score=0, gameKey=mF36k9hUmH}]
Game word parts:s
Game{rounds=[], active=false, score=0, gameKey=mF36k9hUmH}[Game{rounds=[Round{word=word [Length=5, Word=sneep], timer=10, turn=2, feedback='Feedback [p invalid, e invalid, a invalid, n invalid, u invalid, t invalid]'}], active=true, score=0, gameKey=0Wmghq9k2Z}, Game{rounds=[Round{word=word [Length=5, Word=steun], timer=10, turn=1, feedback='null'}], active=true, score=0, gameKey=mF36k9hUmH}]
Game{rounds=[], active=false, score=0, gameKey=mF36k9hUmH}[Game{rounds=[Round{word=word [Length=5, Word=sneep], timer=10, turn=2, feedback='Feedback [p invalid, e invalid, a invalid, n invalid, u invalid, t invalid]'}], active=true, score=0, gameKey=0Wmghq9k2Z}, Game{rounds=[Round{word=word [Length=5, Word=steun], timer=10, turn=1, feedback='null'}], active=true, score=0, gameKey=mF36k9hUmH}]
steur : true
Feedback [s correct, t correct, e correct, u correct, r absent]
Game{rounds=[], active=false, score=0, gameKey=mF36k9hUmH}[Game{rounds=[Round{word=word [Length=5, Word=sneep], timer=10, turn=2, feedback='Feedback [p invalid, e invalid, a invalid, n invalid, u invalid, t invalid]'}], active=true, score=0, gameKey=0Wmghq9k2Z}, Game{rounds=[Round{word=word [Length=5, Word=steun], timer=10, turn=1, feedback='Feedback [s correct, t correct, e correct, u correct, r absent]'}], active=true, score=0, gameKey=mF36k9hUmH}]
Game{rounds=[], active=false, score=0, gameKey=mF36k9hUmH}[Game{rounds=[Round{word=word [Length=5, Word=sneep], timer=10, turn=2, feedback='Feedback [p invalid, e invalid, a invalid, n invalid, u invalid, t invalid]'}], active=true, score=0, gameKey=0Wmghq9k2Z}, Game{rounds=[Round{word=word [Length=5, Word=steun], timer=10, turn=1, feedback='Feedback [s correct, t correct, e correct, u correct, r absent]'}], active=true, score=0, gameKey=mF36k9hUmH}]
Game{rounds=[], active=false, score=0, gameKey=mF36k9hUmH}[Game{rounds=[Round{word=word [Length=5, Word=sneep], timer=10, turn=2, feedback='Feedback [p invalid, e invalid, a invalid, n invalid, u invalid, t invalid]'}], active=true, score=0, gameKey=0Wmghq9k2Z}, Game{rounds=[Round{word=word [Length=5, Word=steun], timer=10, turn=2, feedback='Feedback [s correct, t correct, e correct, u correct, r absent]'}], active=true, score=0, gameKey=mF36k9hUmH}]
Score:0
Game{rounds=[], active=false, score=0, gameKey=mF36k9hUmH}[Game{rounds=[Round{word=word [Length=5, Word=sneep], timer=10, turn=2, feedback='Feedback [p invalid, e invalid, a invalid, n invalid, u invalid, t invalid]'}], active=true, score=0, gameKey=0Wmghq9k2Z}, Game{rounds=[Round{word=word [Length=5, Word=steun], timer=10, turn=2, feedback='Feedback [s correct, t correct, e correct, u correct, r absent]'}], active=true, score=0, gameKey=mF36k9hUmH}]
Round:1
Game{rounds=[], active=false, score=0, gameKey=mF36k9hUmH}[Game{rounds=[Round{word=word [Length=5, Word=sneep], timer=10, turn=2, feedback='Feedback [p invalid, e invalid, a invalid, n invalid, u invalid, t invalid]'}], active=true, score=0, gameKey=0Wmghq9k2Z}, Game{rounds=[Round{word=word [Length=5, Word=steun], timer=10, turn=2, feedback='Feedback [s correct, t correct, e correct, u correct, r absent]'}], active=true, score=0, gameKey=mF36k9hUmH}]
Turns left:2/5
Game{rounds=[], active=false, score=0, gameKey=mF36k9hUmH}[Game{rounds=[Round{word=word [Length=5, Word=sneep], timer=10, turn=2, feedback='Feedback [p invalid, e invalid, a invalid, n invalid, u invalid, t invalid]'}], active=true, score=0, gameKey=0Wmghq9k2Z}, Game{rounds=[Round{word=word [Length=5, Word=steun], timer=10, turn=2, feedback='Feedback [s correct, t correct, e correct, u correct, r absent]'}], active=true, score=0, gameKey=mF36k9hUmH}]
Time left:10
Game{rounds=[], active=false, score=0, gameKey=mF36k9hUmH}[Game{rounds=[Round{word=word [Length=5, Word=sneep], timer=10, turn=2, feedback='Feedback [p invalid, e invalid, a invalid, n invalid, u invalid, t invalid]'}], active=true, score=0, gameKey=0Wmghq9k2Z}, Game{rounds=[Round{word=word [Length=5, Word=steun], timer=10, turn=2, feedback='Feedback [s correct, t correct, e correct, u correct, r absent]'}], active=true, score=0, gameKey=mF36k9hUmH}]
To guess word:word [Length=5, Word=steun]
Game{rounds=[], active=false, score=0, gameKey=mF36k9hUmH}[Game{rounds=[Round{word=word [Length=5, Word=sneep], timer=10, turn=2, feedback='Feedback [p invalid, e invalid, a invalid, n invalid, u invalid, t invalid]'}], active=true, score=0, gameKey=0Wmghq9k2Z}, Game{rounds=[Round{word=word [Length=5, Word=steun], timer=10, turn=2, feedback='Feedback [s correct, t correct, e correct, u correct, r absent]'}], active=true, score=0, gameKey=mF36k9hUmH}]
Game word parts with placehodler:st___
Game{rounds=[], active=false, score=0, gameKey=mF36k9hUmH}[Game{rounds=[Round{word=word [Length=5, Word=sneep], timer=10, turn=2, feedback='Feedback [p invalid, e invalid, a invalid, n invalid, u invalid, t invalid]'}], active=true, score=0, gameKey=0Wmghq9k2Z}, Game{rounds=[Round{word=word [Length=5, Word=steun], timer=10, turn=2, feedback='Feedback [s correct, t correct, e correct, u correct, r absent]'}], active=true, score=0, gameKey=mF36k9hUmH}]
Game word parts:st
Game{rounds=[], active=false, score=0, gameKey=mF36k9hUmH}[Game{rounds=[Round{word=word [Length=5, Word=sneep], timer=10, turn=2, feedback='Feedback [p invalid, e invalid, a invalid, n invalid, u invalid, t invalid]'}], active=true, score=0, gameKey=0Wmghq9k2Z}, Game{rounds=[Round{word=word [Length=5, Word=steun], timer=10, turn=2, feedback='Feedback [s correct, t correct, e correct, u correct, r absent]'}], active=true, score=0, gameKey=mF36k9hUmH}]
Game{rounds=[], active=false, score=0, gameKey=mF36k9hUmH}[Game{rounds=[Round{word=word [Length=5, Word=sneep], timer=10, turn=2, feedback='Feedback [p invalid, e invalid, a invalid, n invalid, u invalid, t invalid]'}], active=true, score=0, gameKey=0Wmghq9k2Z}, Game{rounds=[Round{word=word [Length=5, Word=steun], timer=10, turn=2, feedback='Feedback [s correct, t correct, e correct, u correct, r absent]'}], active=true, score=0, gameKey=mF36k9hUmH}]
steuren : true
Feedback [s invalid, t invalid, e invalid, u invalid, r invalid, e invalid, n invalid]
Game{rounds=[], active=false, score=0, gameKey=mF36k9hUmH}[Game{rounds=[Round{word=word [Length=5, Word=sneep], timer=10, turn=2, feedback='Feedback [p invalid, e invalid, a invalid, n invalid, u invalid, t invalid]'}], active=true, score=0, gameKey=0Wmghq9k2Z}, Game{rounds=[Round{word=word [Length=5, Word=steun], timer=10, turn=2, feedback='Feedback [s invalid, t invalid, e invalid, u invalid, r invalid, e invalid, n invalid]'}], active=true, score=0, gameKey=mF36k9hUmH}]
Game{rounds=[], active=false, score=0, gameKey=mF36k9hUmH}[Game{rounds=[Round{word=word [Length=5, Word=sneep], timer=10, turn=2, feedback='Feedback [p invalid, e invalid, a invalid, n invalid, u invalid, t invalid]'}], active=true, score=0, gameKey=0Wmghq9k2Z}, Game{rounds=[Round{word=word [Length=5, Word=steun], timer=10, turn=2, feedback='Feedback [s invalid, t invalid, e invalid, u invalid, r invalid, e invalid, n invalid]'}], active=true, score=0, gameKey=mF36k9hUmH}]
Game{rounds=[], active=false, score=0, gameKey=mF36k9hUmH}[Game{rounds=[Round{word=word [Length=5, Word=sneep], timer=10, turn=2, feedback='Feedback [p invalid, e invalid, a invalid, n invalid, u invalid, t invalid]'}], active=true, score=0, gameKey=0Wmghq9k2Z}, Game{rounds=[Round{word=word [Length=5, Word=steun], timer=10, turn=3, feedback='Feedback [s invalid, t invalid, e invalid, u invalid, r invalid, e invalid, n invalid]'}], active=true, score=0, gameKey=mF36k9hUmH}]
Score:0
Game{rounds=[], active=false, score=0, gameKey=mF36k9hUmH}[Game{rounds=[Round{word=word [Length=5, Word=sneep], timer=10, turn=2, feedback='Feedback [p invalid, e invalid, a invalid, n invalid, u invalid, t invalid]'}], active=true, score=0, gameKey=0Wmghq9k2Z}, Game{rounds=[Round{word=word [Length=5, Word=steun], timer=10, turn=3, feedback='Feedback [s invalid, t invalid, e invalid, u invalid, r invalid, e invalid, n invalid]'}], active=true, score=0, gameKey=mF36k9hUmH}]
Round:1
Game{rounds=[], active=false, score=0, gameKey=mF36k9hUmH}[Game{rounds=[Round{word=word [Length=5, Word=sneep], timer=10, turn=2, feedback='Feedback [p invalid, e invalid, a invalid, n invalid, u invalid, t invalid]'}], active=true, score=0, gameKey=0Wmghq9k2Z}, Game{rounds=[Round{word=word [Length=5, Word=steun], timer=10, turn=3, feedback='Feedback [s invalid, t invalid, e invalid, u invalid, r invalid, e invalid, n invalid]'}], active=true, score=0, gameKey=mF36k9hUmH}]
Turns left:3/5
Game{rounds=[], active=false, score=0, gameKey=mF36k9hUmH}[Game{rounds=[Round{word=word [Length=5, Word=sneep], timer=10, turn=2, feedback='Feedback [p invalid, e invalid, a invalid, n invalid, u invalid, t invalid]'}], active=true, score=0, gameKey=0Wmghq9k2Z}, Game{rounds=[Round{word=word [Length=5, Word=steun], timer=10, turn=3, feedback='Feedback [s invalid, t invalid, e invalid, u invalid, r invalid, e invalid, n invalid]'}], active=true, score=0, gameKey=mF36k9hUmH}]
Time left:10
Game{rounds=[], active=false, score=0, gameKey=mF36k9hUmH}[Game{rounds=[Round{word=word [Length=5, Word=sneep], timer=10, turn=2, feedback='Feedback [p invalid, e invalid, a invalid, n invalid, u invalid, t invalid]'}], active=true, score=0, gameKey=0Wmghq9k2Z}, Game{rounds=[Round{word=word [Length=5, Word=steun], timer=10, turn=3, feedback='Feedback [s invalid, t invalid, e invalid, u invalid, r invalid, e invalid, n invalid]'}], active=true, score=0, gameKey=mF36k9hUmH}]
To guess word:word [Length=5, Word=steun]
Game{rounds=[], active=false, score=0, gameKey=mF36k9hUmH}[Game{rounds=[Round{word=word [Length=5, Word=sneep], timer=10, turn=2, feedback='Feedback [p invalid, e invalid, a invalid, n invalid, u invalid, t invalid]'}], active=true, score=0, gameKey=0Wmghq9k2Z}, Game{rounds=[Round{word=word [Length=5, Word=steun], timer=10, turn=3, feedback='Feedback [s invalid, t invalid, e invalid, u invalid, r invalid, e invalid, n invalid]'}], active=true, score=0, gameKey=mF36k9hUmH}]
Game word parts with placehodler:ste__
Game{rounds=[], active=false, score=0, gameKey=mF36k9hUmH}[Game{rounds=[Round{word=word [Length=5, Word=sneep], timer=10, turn=2, feedback='Feedback [p invalid, e invalid, a invalid, n invalid, u invalid, t invalid]'}], active=true, score=0, gameKey=0Wmghq9k2Z}, Game{rounds=[Round{word=word [Length=5, Word=steun], timer=10, turn=3, feedback='Feedback [s invalid, t invalid, e invalid, u invalid, r invalid, e invalid, n invalid]'}], active=true, score=0, gameKey=mF36k9hUmH}]
Game word parts:ste
Game{rounds=[], active=false, score=0, gameKey=mF36k9hUmH}[Game{rounds=[Round{word=word [Length=5, Word=sneep], timer=10, turn=2, feedback='Feedback [p invalid, e invalid, a invalid, n invalid, u invalid, t invalid]'}], active=true, score=0, gameKey=0Wmghq9k2Z}, Game{rounds=[Round{word=word [Length=5, Word=steun], timer=10, turn=3, feedback='Feedback [s invalid, t invalid, e invalid, u invalid, r invalid, e invalid, n invalid]'}], active=true, score=0, gameKey=mF36k9hUmH}]
Game{rounds=[], active=false, score=0, gameKey=mF36k9hUmH}[Game{rounds=[Round{word=word [Length=5, Word=sneep], timer=10, turn=2, feedback='Feedback [p invalid, e invalid, a invalid, n invalid, u invalid, t invalid]'}], active=true, score=0, gameKey=0Wmghq9k2Z}, Game{rounds=[Round{word=word [Length=5, Word=steun], timer=10, turn=3, feedback='Feedback [s invalid, t invalid, e invalid, u invalid, r invalid, e invalid, n invalid]'}], active=true, score=0, gameKey=mF36k9hUmH}]
Feedback [s invalid, t invalid, e invalid, u invalid]
Game{rounds=[], active=false, score=0, gameKey=mF36k9hUmH}[Game{rounds=[Round{word=word [Length=5, Word=sneep], timer=10, turn=2, feedback='Feedback [p invalid, e invalid, a invalid, n invalid, u invalid, t invalid]'}], active=true, score=0, gameKey=0Wmghq9k2Z}, Game{rounds=[Round{word=word [Length=5, Word=steun], timer=10, turn=3, feedback='Feedback [s invalid, t invalid, e invalid, u invalid]'}], active=true, score=0, gameKey=mF36k9hUmH}]
Game{rounds=[], active=false, score=0, gameKey=mF36k9hUmH}[Game{rounds=[Round{word=word [Length=5, Word=sneep], timer=10, turn=2, feedback='Feedback [p invalid, e invalid, a invalid, n invalid, u invalid, t invalid]'}], active=true, score=0, gameKey=0Wmghq9k2Z}, Game{rounds=[Round{word=word [Length=5, Word=steun], timer=10, turn=3, feedback='Feedback [s invalid, t invalid, e invalid, u invalid]'}], active=true, score=0, gameKey=mF36k9hUmH}]
Game{rounds=[], active=false, score=0, gameKey=mF36k9hUmH}[Game{rounds=[Round{word=word [Length=5, Word=sneep], timer=10, turn=2, feedback='Feedback [p invalid, e invalid, a invalid, n invalid, u invalid, t invalid]'}], active=true, score=0, gameKey=0Wmghq9k2Z}, Game{rounds=[Round{word=word [Length=5, Word=steun], timer=10, turn=4, feedback='Feedback [s invalid, t invalid, e invalid, u invalid]'}], active=true, score=0, gameKey=mF36k9hUmH}]
Score:0
Game{rounds=[], active=false, score=0, gameKey=mF36k9hUmH}[Game{rounds=[Round{word=word [Length=5, Word=sneep], timer=10, turn=2, feedback='Feedback [p invalid, e invalid, a invalid, n invalid, u invalid, t invalid]'}], active=true, score=0, gameKey=0Wmghq9k2Z}, Game{rounds=[Round{word=word [Length=5, Word=steun], timer=10, turn=4, feedback='Feedback [s invalid, t invalid, e invalid, u invalid]'}], active=true, score=0, gameKey=mF36k9hUmH}]
Round:1
Game{rounds=[], active=false, score=0, gameKey=mF36k9hUmH}[Game{rounds=[Round{word=word [Length=5, Word=sneep], timer=10, turn=2, feedback='Feedback [p invalid, e invalid, a invalid, n invalid, u invalid, t invalid]'}], active=true, score=0, gameKey=0Wmghq9k2Z}, Game{rounds=[Round{word=word [Length=5, Word=steun], timer=10, turn=4, feedback='Feedback [s invalid, t invalid, e invalid, u invalid]'}], active=true, score=0, gameKey=mF36k9hUmH}]
Turns left:4/5
Game{rounds=[], active=false, score=0, gameKey=mF36k9hUmH}[Game{rounds=[Round{word=word [Length=5, Word=sneep], timer=10, turn=2, feedback='Feedback [p invalid, e invalid, a invalid, n invalid, u invalid, t invalid]'}], active=true, score=0, gameKey=0Wmghq9k2Z}, Game{rounds=[Round{word=word [Length=5, Word=steun], timer=10, turn=4, feedback='Feedback [s invalid, t invalid, e invalid, u invalid]'}], active=true, score=0, gameKey=mF36k9hUmH}]
Time left:10
Game{rounds=[], active=false, score=0, gameKey=mF36k9hUmH}[Game{rounds=[Round{word=word [Length=5, Word=sneep], timer=10, turn=2, feedback='Feedback [p invalid, e invalid, a invalid, n invalid, u invalid, t invalid]'}], active=true, score=0, gameKey=0Wmghq9k2Z}, Game{rounds=[Round{word=word [Length=5, Word=steun], timer=10, turn=4, feedback='Feedback [s invalid, t invalid, e invalid, u invalid]'}], active=true, score=0, gameKey=mF36k9hUmH}]
To guess word:word [Length=5, Word=steun]
Game{rounds=[], active=false, score=0, gameKey=mF36k9hUmH}[Game{rounds=[Round{word=word [Length=5, Word=sneep], timer=10, turn=2, feedback='Feedback [p invalid, e invalid, a invalid, n invalid, u invalid, t invalid]'}], active=true, score=0, gameKey=0Wmghq9k2Z}, Game{rounds=[Round{word=word [Length=5, Word=steun], timer=10, turn=4, feedback='Feedback [s invalid, t invalid, e invalid, u invalid]'}], active=true, score=0, gameKey=mF36k9hUmH}]
Game word parts with placehodler:steu_
Game{rounds=[], active=false, score=0, gameKey=mF36k9hUmH}[Game{rounds=[Round{word=word [Length=5, Word=sneep], timer=10, turn=2, feedback='Feedback [p invalid, e invalid, a invalid, n invalid, u invalid, t invalid]'}], active=true, score=0, gameKey=0Wmghq9k2Z}, Game{rounds=[Round{word=word [Length=5, Word=steun], timer=10, turn=4, feedback='Feedback [s invalid, t invalid, e invalid, u invalid]'}], active=true, score=0, gameKey=mF36k9hUmH}]
Game word parts:steu
Game{rounds=[], active=false, score=0, gameKey=mF36k9hUmH}[Game{rounds=[Round{word=word [Length=5, Word=sneep], timer=10, turn=2, feedback='Feedback [p invalid, e invalid, a invalid, n invalid, u invalid, t invalid]'}], active=true, score=0, gameKey=0Wmghq9k2Z}, Game{rounds=[Round{word=word [Length=5, Word=steun], timer=10, turn=4, feedback='Feedback [s invalid, t invalid, e invalid, u invalid]'}], active=true, score=0, gameKey=mF36k9hUmH}]
Game{rounds=[], active=false, score=0, gameKey=mF36k9hUmH}[Game{rounds=[Round{word=word [Length=5, Word=sneep], timer=10, turn=2, feedback='Feedback [p invalid, e invalid, a invalid, n invalid, u invalid, t invalid]'}], active=true, score=0, gameKey=0Wmghq9k2Z}, Game{rounds=[Round{word=word [Length=5, Word=steun], timer=10, turn=4, feedback='Feedback [s invalid, t invalid, e invalid, u invalid]'}], active=true, score=0, gameKey=mF36k9hUmH}]
steun : true
Feedback [s correct, t correct, e correct, u correct, n correct]
Game{rounds=[], active=false, score=0, gameKey=mF36k9hUmH}[Game{rounds=[Round{word=word [Length=5, Word=sneep], timer=10, turn=2, feedback='Feedback [p invalid, e invalid, a invalid, n invalid, u invalid, t invalid]'}], active=true, score=0, gameKey=0Wmghq9k2Z}, Game{rounds=[Round{word=word [Length=5, Word=steun], timer=10, turn=4, feedback='Feedback [s correct, t correct, e correct, u correct, n correct]'}], active=true, score=0, gameKey=mF36k9hUmH}]
word [Length=5, Word=zemen]
Game{rounds=[], active=false, score=0, gameKey=mF36k9hUmH}[Game{rounds=[Round{word=word [Length=5, Word=sneep], timer=10, turn=2, feedback='Feedback [p invalid, e invalid, a invalid, n invalid, u invalid, t invalid]'}], active=true, score=0, gameKey=0Wmghq9k2Z}, Game{rounds=[Round{word=word [Length=5, Word=steun], timer=10, turn=4, feedback='Feedback [s correct, t correct, e correct, u correct, n correct]'}], active=true, score=0, gameKey=mF36k9hUmH}]
Game{rounds=[], active=false, score=0, gameKey=mF36k9hUmH}[Game{rounds=[Round{word=word [Length=5, Word=sneep], timer=10, turn=2, feedback='Feedback [p invalid, e invalid, a invalid, n invalid, u invalid, t invalid]'}], active=true, score=0, gameKey=0Wmghq9k2Z}, Game{rounds=[Round{word=word [Length=5, Word=steun], timer=10, turn=4, feedback='Feedback [s correct, t correct, e correct, u correct, n correct]'}], active=true, score=20, gameKey=mF36k9hUmH}]
Game{rounds=[], active=false, score=0, gameKey=mF36k9hUmH}[Game{rounds=[Round{word=word [Length=5, Word=sneep], timer=10, turn=2, feedback='Feedback [p invalid, e invalid, a invalid, n invalid, u invalid, t invalid]'}], active=true, score=0, gameKey=0Wmghq9k2Z}, Game{rounds=[Round{word=word [Length=5, Word=steun], timer=10, turn=4, feedback='Feedback [s correct, t correct, e correct, u correct, n correct]'}, Round{word=word [Length=5, Word=zemen], timer=10, turn=1, feedback='null'}], active=true, score=20, gameKey=mF36k9hUmH}]
Score:20
Game{rounds=[], active=false, score=0, gameKey=mF36k9hUmH}[Game{rounds=[Round{word=word [Length=5, Word=sneep], timer=10, turn=2, feedback='Feedback [p invalid, e invalid, a invalid, n invalid, u invalid, t invalid]'}], active=true, score=0, gameKey=0Wmghq9k2Z}, Game{rounds=[Round{word=word [Length=5, Word=steun], timer=10, turn=4, feedback='Feedback [s correct, t correct, e correct, u correct, n correct]'}, Round{word=word [Length=5, Word=zemen], timer=10, turn=1, feedback='null'}], active=true, score=20, gameKey=mF36k9hUmH}]
Round:2
Game{rounds=[], active=false, score=0, gameKey=mF36k9hUmH}[Game{rounds=[Round{word=word [Length=5, Word=sneep], timer=10, turn=2, feedback='Feedback [p invalid, e invalid, a invalid, n invalid, u invalid, t invalid]'}], active=true, score=0, gameKey=0Wmghq9k2Z}, Game{rounds=[Round{word=word [Length=5, Word=steun], timer=10, turn=4, feedback='Feedback [s correct, t correct, e correct, u correct, n correct]'}, Round{word=word [Length=5, Word=zemen], timer=10, turn=1, feedback='null'}], active=true, score=20, gameKey=mF36k9hUmH}]
Turns left:1/5
Game{rounds=[], active=false, score=0, gameKey=mF36k9hUmH}[Game{rounds=[Round{word=word [Length=5, Word=sneep], timer=10, turn=2, feedback='Feedback [p invalid, e invalid, a invalid, n invalid, u invalid, t invalid]'}], active=true, score=0, gameKey=0Wmghq9k2Z}, Game{rounds=[Round{word=word [Length=5, Word=steun], timer=10, turn=4, feedback='Feedback [s correct, t correct, e correct, u correct, n correct]'}, Round{word=word [Length=5, Word=zemen], timer=10, turn=1, feedback='null'}], active=true, score=20, gameKey=mF36k9hUmH}]
Time left:10
Game{rounds=[], active=false, score=0, gameKey=mF36k9hUmH}[Game{rounds=[Round{word=word [Length=5, Word=sneep], timer=10, turn=2, feedback='Feedback [p invalid, e invalid, a invalid, n invalid, u invalid, t invalid]'}], active=true, score=0, gameKey=0Wmghq9k2Z}, Game{rounds=[Round{word=word [Length=5, Word=steun], timer=10, turn=4, feedback='Feedback [s correct, t correct, e correct, u correct, n correct]'}, Round{word=word [Length=5, Word=zemen], timer=10, turn=1, feedback='null'}], active=true, score=20, gameKey=mF36k9hUmH}]
To guess word:word [Length=5, Word=zemen]
Game{rounds=[], active=false, score=0, gameKey=mF36k9hUmH}[Game{rounds=[Round{word=word [Length=5, Word=sneep], timer=10, turn=2, feedback='Feedback [p invalid, e invalid, a invalid, n invalid, u invalid, t invalid]'}], active=true, score=0, gameKey=0Wmghq9k2Z}, Game{rounds=[Round{word=word [Length=5, Word=steun], timer=10, turn=4, feedback='Feedback [s correct, t correct, e correct, u correct, n correct]'}, Round{word=word [Length=5, Word=zemen], timer=10, turn=1, feedback='null'}], active=true, score=20, gameKey=mF36k9hUmH}]
Game word parts with placehodler:z____
Game{rounds=[], active=false, score=0, gameKey=mF36k9hUmH}[Game{rounds=[Round{word=word [Length=5, Word=sneep], timer=10, turn=2, feedback='Feedback [p invalid, e invalid, a invalid, n invalid, u invalid, t invalid]'}], active=true, score=0, gameKey=0Wmghq9k2Z}, Game{rounds=[Round{word=word [Length=5, Word=steun], timer=10, turn=4, feedback='Feedback [s correct, t correct, e correct, u correct, n correct]'}, Round{word=word [Length=5, Word=zemen], timer=10, turn=1, feedback='null'}], active=true, score=20, gameKey=mF36k9hUmH}]
Game word parts:z
Game{rounds=[], active=false, score=0, gameKey=mF36k9hUmH}[Game{rounds=[Round{word=word [Length=5, Word=sneep], timer=10, turn=2, feedback='Feedback [p invalid, e invalid, a invalid, n invalid, u invalid, t invalid]'}], active=true, score=0, gameKey=0Wmghq9k2Z}, Game{rounds=[Round{word=word [Length=5, Word=steun], timer=10, turn=4, feedback='Feedback [s correct, t correct, e correct, u correct, n correct]'}, Round{word=word [Length=5, Word=zemen], timer=10, turn=1, feedback='null'}], active=true, score=20, gameKey=mF36k9hUmH}]
Score:20
Game{rounds=[], active=false, score=0, gameKey=mF36k9hUmH}[Game{rounds=[Round{word=word [Length=5, Word=sneep], timer=10, turn=2, feedback='Feedback [p invalid, e invalid, a invalid, n invalid, u invalid, t invalid]'}], active=true, score=0, gameKey=0Wmghq9k2Z}, Game{rounds=[Round{word=word [Length=5, Word=steun], timer=10, turn=4, feedback='Feedback [s correct, t correct, e correct, u correct, n correct]'}, Round{word=word [Length=5, Word=zemen], timer=10, turn=1, feedback='null'}], active=true, score=20, gameKey=mF36k9hUmH}]
Round:2
Game{rounds=[], active=false, score=0, gameKey=mF36k9hUmH}[Game{rounds=[Round{word=word [Length=5, Word=sneep], timer=10, turn=2, feedback='Feedback [p invalid, e invalid, a invalid, n invalid, u invalid, t invalid]'}], active=true, score=0, gameKey=0Wmghq9k2Z}, Game{rounds=[Round{word=word [Length=5, Word=steun], timer=10, turn=4, feedback='Feedback [s correct, t correct, e correct, u correct, n correct]'}, Round{word=word [Length=5, Word=zemen], timer=10, turn=1, feedback='null'}], active=true, score=20, gameKey=mF36k9hUmH}]
Turns left:1/5
Game{rounds=[], active=false, score=0, gameKey=mF36k9hUmH}[Game{rounds=[Round{word=word [Length=5, Word=sneep], timer=10, turn=2, feedback='Feedback [p invalid, e invalid, a invalid, n invalid, u invalid, t invalid]'}], active=true, score=0, gameKey=0Wmghq9k2Z}, Game{rounds=[Round{word=word [Length=5, Word=steun], timer=10, turn=4, feedback='Feedback [s correct, t correct, e correct, u correct, n correct]'}, Round{word=word [Length=5, Word=zemen], timer=10, turn=1, feedback='null'}], active=true, score=20, gameKey=mF36k9hUmH}]
Time left:10
Game{rounds=[], active=false, score=0, gameKey=mF36k9hUmH}[Game{rounds=[Round{word=word [Length=5, Word=sneep], timer=10, turn=2, feedback='Feedback [p invalid, e invalid, a invalid, n invalid, u invalid, t invalid]'}], active=true, score=0, gameKey=0Wmghq9k2Z}, Game{rounds=[Round{word=word [Length=5, Word=steun], timer=10, turn=4, feedback='Feedback [s correct, t correct, e correct, u correct, n correct]'}, Round{word=word [Length=5, Word=zemen], timer=10, turn=1, feedback='null'}], active=true, score=20, gameKey=mF36k9hUmH}]
To guess word:word [Length=5, Word=zemen]
Game{rounds=[], active=false, score=0, gameKey=mF36k9hUmH}[Game{rounds=[Round{word=word [Length=5, Word=sneep], timer=10, turn=2, feedback='Feedback [p invalid, e invalid, a invalid, n invalid, u invalid, t invalid]'}], active=true, score=0, gameKey=0Wmghq9k2Z}, Game{rounds=[Round{word=word [Length=5, Word=steun], timer=10, turn=4, feedback='Feedback [s correct, t correct, e correct, u correct, n correct]'}, Round{word=word [Length=5, Word=zemen], timer=10, turn=1, feedback='null'}], active=true, score=20, gameKey=mF36k9hUmH}]
Game word parts with placehodler:z____
Game{rounds=[], active=false, score=0, gameKey=mF36k9hUmH}[Game{rounds=[Round{word=word [Length=5, Word=sneep], timer=10, turn=2, feedback='Feedback [p invalid, e invalid, a invalid, n invalid, u invalid, t invalid]'}], active=true, score=0, gameKey=0Wmghq9k2Z}, Game{rounds=[Round{word=word [Length=5, Word=steun], timer=10, turn=4, feedback='Feedback [s correct, t correct, e correct, u correct, n correct]'}, Round{word=word [Length=5, Word=zemen], timer=10, turn=1, feedback='null'}], active=true, score=20, gameKey=mF36k9hUmH}]
Game word parts:z
Game{rounds=[], active=false, score=0, gameKey=mF36k9hUmH}[Game{rounds=[Round{word=word [Length=5, Word=sneep], timer=10, turn=2, feedback='Feedback [p invalid, e invalid, a invalid, n invalid, u invalid, t invalid]'}], active=true, score=0, gameKey=0Wmghq9k2Z}, Game{rounds=[Round{word=word [Length=5, Word=steun], timer=10, turn=4, feedback='Feedback [s correct, t correct, e correct, u correct, n correct]'}, Round{word=word [Length=5, Word=zemen], timer=10, turn=1, feedback='null'}], active=true, score=20, gameKey=mF36k9hUmH}]
Game{rounds=[], active=false, score=0, gameKey=mF36k9hUmH}[Game{rounds=[Round{word=word [Length=5, Word=sneep], timer=10, turn=2, feedback='Feedback [p invalid, e invalid, a invalid, n invalid, u invalid, t invalid]'}], active=true, score=0, gameKey=0Wmghq9k2Z}, Game{rounds=[Round{word=word [Length=5, Word=steun], timer=10, turn=4, feedback='Feedback [s correct, t correct, e correct, u correct, n correct]'}, Round{word=word [Length=5, Word=zemen], timer=10, turn=1, feedback='null'}], active=true, score=20, gameKey=mF36k9hUmH}]
steur : true
Feedback [s invalid, t invalid, e invalid, u invalid, r invalid]
Game{rounds=[], active=false, score=0, gameKey=mF36k9hUmH}[Game{rounds=[Round{word=word [Length=5, Word=sneep], timer=10, turn=2, feedback='Feedback [p invalid, e invalid, a invalid, n invalid, u invalid, t invalid]'}], active=true, score=0, gameKey=0Wmghq9k2Z}, Game{rounds=[Round{word=word [Length=5, Word=steun], timer=10, turn=4, feedback='Feedback [s correct, t correct, e correct, u correct, n correct]'}, Round{word=word [Length=5, Word=zemen], timer=10, turn=1, feedback='Feedback [s invalid, t invalid, e invalid, u invalid, r invalid]'}], active=true, score=20, gameKey=mF36k9hUmH}]
Game{rounds=[], active=false, score=0, gameKey=mF36k9hUmH}[Game{rounds=[Round{word=word [Length=5, Word=sneep], timer=10, turn=2, feedback='Feedback [p invalid, e invalid, a invalid, n invalid, u invalid, t invalid]'}], active=true, score=0, gameKey=0Wmghq9k2Z}, Game{rounds=[Round{word=word [Length=5, Word=steun], timer=10, turn=4, feedback='Feedback [s correct, t correct, e correct, u correct, n correct]'}, Round{word=word [Length=5, Word=zemen], timer=10, turn=1, feedback='Feedback [s invalid, t invalid, e invalid, u invalid, r invalid]'}], active=true, score=20, gameKey=mF36k9hUmH}]
Game{rounds=[], active=false, score=0, gameKey=mF36k9hUmH}[Game{rounds=[Round{word=word [Length=5, Word=sneep], timer=10, turn=2, feedback='Feedback [p invalid, e invalid, a invalid, n invalid, u invalid, t invalid]'}], active=true, score=0, gameKey=0Wmghq9k2Z}, Game{rounds=[Round{word=word [Length=5, Word=steun], timer=10, turn=4, feedback='Feedback [s correct, t correct, e correct, u correct, n correct]'}, Round{word=word [Length=5, Word=zemen], timer=10, turn=2, feedback='Feedback [s invalid, t invalid, e invalid, u invalid, r invalid]'}], active=true, score=20, gameKey=mF36k9hUmH}]
Score:20
Game{rounds=[], active=false, score=0, gameKey=mF36k9hUmH}[Game{rounds=[Round{word=word [Length=5, Word=sneep], timer=10, turn=2, feedback='Feedback [p invalid, e invalid, a invalid, n invalid, u invalid, t invalid]'}], active=true, score=0, gameKey=0Wmghq9k2Z}, Game{rounds=[Round{word=word [Length=5, Word=steun], timer=10, turn=4, feedback='Feedback [s correct, t correct, e correct, u correct, n correct]'}, Round{word=word [Length=5, Word=zemen], timer=10, turn=2, feedback='Feedback [s invalid, t invalid, e invalid, u invalid, r invalid]'}], active=true, score=20, gameKey=mF36k9hUmH}]
Round:2
Game{rounds=[], active=false, score=0, gameKey=mF36k9hUmH}[Game{rounds=[Round{word=word [Length=5, Word=sneep], timer=10, turn=2, feedback='Feedback [p invalid, e invalid, a invalid, n invalid, u invalid, t invalid]'}], active=true, score=0, gameKey=0Wmghq9k2Z}, Game{rounds=[Round{word=word [Length=5, Word=steun], timer=10, turn=4, feedback='Feedback [s correct, t correct, e correct, u correct, n correct]'}, Round{word=word [Length=5, Word=zemen], timer=10, turn=2, feedback='Feedback [s invalid, t invalid, e invalid, u invalid, r invalid]'}], active=true, score=20, gameKey=mF36k9hUmH}]
Turns left:2/5
Game{rounds=[], active=false, score=0, gameKey=mF36k9hUmH}[Game{rounds=[Round{word=word [Length=5, Word=sneep], timer=10, turn=2, feedback='Feedback [p invalid, e invalid, a invalid, n invalid, u invalid, t invalid]'}], active=true, score=0, gameKey=0Wmghq9k2Z}, Game{rounds=[Round{word=word [Length=5, Word=steun], timer=10, turn=4, feedback='Feedback [s correct, t correct, e correct, u correct, n correct]'}, Round{word=word [Length=5, Word=zemen], timer=10, turn=2, feedback='Feedback [s invalid, t invalid, e invalid, u invalid, r invalid]'}], active=true, score=20, gameKey=mF36k9hUmH}]
Time left:10
Game{rounds=[], active=false, score=0, gameKey=mF36k9hUmH}[Game{rounds=[Round{word=word [Length=5, Word=sneep], timer=10, turn=2, feedback='Feedback [p invalid, e invalid, a invalid, n invalid, u invalid, t invalid]'}], active=true, score=0, gameKey=0Wmghq9k2Z}, Game{rounds=[Round{word=word [Length=5, Word=steun], timer=10, turn=4, feedback='Feedback [s correct, t correct, e correct, u correct, n correct]'}, Round{word=word [Length=5, Word=zemen], timer=10, turn=2, feedback='Feedback [s invalid, t invalid, e invalid, u invalid, r invalid]'}], active=true, score=20, gameKey=mF36k9hUmH}]
To guess word:word [Length=5, Word=zemen]
Game{rounds=[], active=false, score=0, gameKey=mF36k9hUmH}[Game{rounds=[Round{word=word [Length=5, Word=sneep], timer=10, turn=2, feedback='Feedback [p invalid, e invalid, a invalid, n invalid, u invalid, t invalid]'}], active=true, score=0, gameKey=0Wmghq9k2Z}, Game{rounds=[Round{word=word [Length=5, Word=steun], timer=10, turn=4, feedback='Feedback [s correct, t correct, e correct, u correct, n correct]'}, Round{word=word [Length=5, Word=zemen], timer=10, turn=2, feedback='Feedback [s invalid, t invalid, e invalid, u invalid, r invalid]'}], active=true, score=20, gameKey=mF36k9hUmH}]
Game word parts with placehodler:ze___
Game{rounds=[], active=false, score=0, gameKey=mF36k9hUmH}[Game{rounds=[Round{word=word [Length=5, Word=sneep], timer=10, turn=2, feedback='Feedback [p invalid, e invalid, a invalid, n invalid, u invalid, t invalid]'}], active=true, score=0, gameKey=0Wmghq9k2Z}, Game{rounds=[Round{word=word [Length=5, Word=steun], timer=10, turn=4, feedback='Feedback [s correct, t correct, e correct, u correct, n correct]'}, Round{word=word [Length=5, Word=zemen], timer=10, turn=2, feedback='Feedback [s invalid, t invalid, e invalid, u invalid, r invalid]'}], active=true, score=20, gameKey=mF36k9hUmH}]
Game word parts:ze
Game{rounds=[], active=false, score=0, gameKey=mF36k9hUmH}[Game{rounds=[Round{word=word [Length=5, Word=sneep], timer=10, turn=2, feedback='Feedback [p invalid, e invalid, a invalid, n invalid, u invalid, t invalid]'}], active=true, score=0, gameKey=0Wmghq9k2Z}, Game{rounds=[Round{word=word [Length=5, Word=steun], timer=10, turn=4, feedback='Feedback [s correct, t correct, e correct, u correct, n correct]'}, Round{word=word [Length=5, Word=zemen], timer=10, turn=2, feedback='Feedback [s invalid, t invalid, e invalid, u invalid, r invalid]'}], active=true, score=20, gameKey=mF36k9hUmH}]
Game{rounds=[], active=false, score=0, gameKey=mF36k9hUmH}[Game{rounds=[Round{word=word [Length=5, Word=sneep], timer=10, turn=2, feedback='Feedback [p invalid, e invalid, a invalid, n invalid, u invalid, t invalid]'}], active=true, score=0, gameKey=0Wmghq9k2Z}, Game{rounds=[Round{word=word [Length=5, Word=steun], timer=10, turn=4, feedback='Feedback [s correct, t correct, e correct, u correct, n correct]'}, Round{word=word [Length=5, Word=zemen], timer=10, turn=2, feedback='Feedback [s invalid, t invalid, e invalid, u invalid, r invalid]'}], active=true, score=20, gameKey=mF36k9hUmH}]
steuren : true
Feedback [s invalid, t invalid, e invalid, u invalid, r invalid, e invalid, n invalid]
Game{rounds=[], active=false, score=0, gameKey=mF36k9hUmH}[Game{rounds=[Round{word=word [Length=5, Word=sneep], timer=10, turn=2, feedback='Feedback [p invalid, e invalid, a invalid, n invalid, u invalid, t invalid]'}], active=true, score=0, gameKey=0Wmghq9k2Z}, Game{rounds=[Round{word=word [Length=5, Word=steun], timer=10, turn=4, feedback='Feedback [s correct, t correct, e correct, u correct, n correct]'}, Round{word=word [Length=5, Word=zemen], timer=10, turn=2, feedback='Feedback [s invalid, t invalid, e invalid, u invalid, r invalid, e invalid, n invalid]'}], active=true, score=20, gameKey=mF36k9hUmH}]
Game{rounds=[], active=false, score=0, gameKey=mF36k9hUmH}[Game{rounds=[Round{word=word [Length=5, Word=sneep], timer=10, turn=2, feedback='Feedback [p invalid, e invalid, a invalid, n invalid, u invalid, t invalid]'}], active=true, score=0, gameKey=0Wmghq9k2Z}, Game{rounds=[Round{word=word [Length=5, Word=steun], timer=10, turn=4, feedback='Feedback [s correct, t correct, e correct, u correct, n correct]'}, Round{word=word [Length=5, Word=zemen], timer=10, turn=2, feedback='Feedback [s invalid, t invalid, e invalid, u invalid, r invalid, e invalid, n invalid]'}], active=true, score=20, gameKey=mF36k9hUmH}]
Game{rounds=[], active=false, score=0, gameKey=mF36k9hUmH}[Game{rounds=[Round{word=word [Length=5, Word=sneep], timer=10, turn=2, feedback='Feedback [p invalid, e invalid, a invalid, n invalid, u invalid, t invalid]'}], active=true, score=0, gameKey=0Wmghq9k2Z}, Game{rounds=[Round{word=word [Length=5, Word=steun], timer=10, turn=4, feedback='Feedback [s correct, t correct, e correct, u correct, n correct]'}, Round{word=word [Length=5, Word=zemen], timer=10, turn=3, feedback='Feedback [s invalid, t invalid, e invalid, u invalid, r invalid, e invalid, n invalid]'}], active=true, score=20, gameKey=mF36k9hUmH}]
Score:20
Game{rounds=[], active=false, score=0, gameKey=mF36k9hUmH}[Game{rounds=[Round{word=word [Length=5, Word=sneep], timer=10, turn=2, feedback='Feedback [p invalid, e invalid, a invalid, n invalid, u invalid, t invalid]'}], active=true, score=0, gameKey=0Wmghq9k2Z}, Game{rounds=[Round{word=word [Length=5, Word=steun], timer=10, turn=4, feedback='Feedback [s correct, t correct, e correct, u correct, n correct]'}, Round{word=word [Length=5, Word=zemen], timer=10, turn=3, feedback='Feedback [s invalid, t invalid, e invalid, u invalid, r invalid, e invalid, n invalid]'}], active=true, score=20, gameKey=mF36k9hUmH}]
Round:2
Game{rounds=[], active=false, score=0, gameKey=mF36k9hUmH}[Game{rounds=[Round{word=word [Length=5, Word=sneep], timer=10, turn=2, feedback='Feedback [p invalid, e invalid, a invalid, n invalid, u invalid, t invalid]'}], active=true, score=0, gameKey=0Wmghq9k2Z}, Game{rounds=[Round{word=word [Length=5, Word=steun], timer=10, turn=4, feedback='Feedback [s correct, t correct, e correct, u correct, n correct]'}, Round{word=word [Length=5, Word=zemen], timer=10, turn=3, feedback='Feedback [s invalid, t invalid, e invalid, u invalid, r invalid, e invalid, n invalid]'}], active=true, score=20, gameKey=mF36k9hUmH}]
Turns left:3/5
Game{rounds=[], active=false, score=0, gameKey=mF36k9hUmH}[Game{rounds=[Round{word=word [Length=5, Word=sneep], timer=10, turn=2, feedback='Feedback [p invalid, e invalid, a invalid, n invalid, u invalid, t invalid]'}], active=true, score=0, gameKey=0Wmghq9k2Z}, Game{rounds=[Round{word=word [Length=5, Word=steun], timer=10, turn=4, feedback='Feedback [s correct, t correct, e correct, u correct, n correct]'}, Round{word=word [Length=5, Word=zemen], timer=10, turn=3, feedback='Feedback [s invalid, t invalid, e invalid, u invalid, r invalid, e invalid, n invalid]'}], active=true, score=20, gameKey=mF36k9hUmH}]
Time left:10
Game{rounds=[], active=false, score=0, gameKey=mF36k9hUmH}[Game{rounds=[Round{word=word [Length=5, Word=sneep], timer=10, turn=2, feedback='Feedback [p invalid, e invalid, a invalid, n invalid, u invalid, t invalid]'}], active=true, score=0, gameKey=0Wmghq9k2Z}, Game{rounds=[Round{word=word [Length=5, Word=steun], timer=10, turn=4, feedback='Feedback [s correct, t correct, e correct, u correct, n correct]'}, Round{word=word [Length=5, Word=zemen], timer=10, turn=3, feedback='Feedback [s invalid, t invalid, e invalid, u invalid, r invalid, e invalid, n invalid]'}], active=true, score=20, gameKey=mF36k9hUmH}]
To guess word:word [Length=5, Word=zemen]
Game{rounds=[], active=false, score=0, gameKey=mF36k9hUmH}[Game{rounds=[Round{word=word [Length=5, Word=sneep], timer=10, turn=2, feedback='Feedback [p invalid, e invalid, a invalid, n invalid, u invalid, t invalid]'}], active=true, score=0, gameKey=0Wmghq9k2Z}, Game{rounds=[Round{word=word [Length=5, Word=steun], timer=10, turn=4, feedback='Feedback [s correct, t correct, e correct, u correct, n correct]'}, Round{word=word [Length=5, Word=zemen], timer=10, turn=3, feedback='Feedback [s invalid, t invalid, e invalid, u invalid, r invalid, e invalid, n invalid]'}], active=true, score=20, gameKey=mF36k9hUmH}]
Game word parts with placehodler:zem__
Game{rounds=[], active=false, score=0, gameKey=mF36k9hUmH}[Game{rounds=[Round{word=word [Length=5, Word=sneep], timer=10, turn=2, feedback='Feedback [p invalid, e invalid, a invalid, n invalid, u invalid, t invalid]'}], active=true, score=0, gameKey=0Wmghq9k2Z}, Game{rounds=[Round{word=word [Length=5, Word=steun], timer=10, turn=4, feedback='Feedback [s correct, t correct, e correct, u correct, n correct]'}, Round{word=word [Length=5, Word=zemen], timer=10, turn=3, feedback='Feedback [s invalid, t invalid, e invalid, u invalid, r invalid, e invalid, n invalid]'}], active=true, score=20, gameKey=mF36k9hUmH}]
Game word parts:zem
Game{rounds=[], active=false, score=0, gameKey=mF36k9hUmH}[Game{rounds=[Round{word=word [Length=5, Word=sneep], timer=10, turn=2, feedback='Feedback [p invalid, e invalid, a invalid, n invalid, u invalid, t invalid]'}], active=true, score=0, gameKey=0Wmghq9k2Z}, Game{rounds=[Round{word=word [Length=5, Word=steun], timer=10, turn=4, feedback='Feedback [s correct, t correct, e correct, u correct, n correct]'}, Round{word=word [Length=5, Word=zemen], timer=10, turn=3, feedback='Feedback [s invalid, t invalid, e invalid, u invalid, r invalid, e invalid, n invalid]'}], active=true, score=20, gameKey=mF36k9hUmH}]
Game{rounds=[], active=false, score=0, gameKey=mF36k9hUmH}[Game{rounds=[Round{word=word [Length=5, Word=sneep], timer=10, turn=2, feedback='Feedback [p invalid, e invalid, a invalid, n invalid, u invalid, t invalid]'}], active=true, score=0, gameKey=0Wmghq9k2Z}, Game{rounds=[Round{word=word [Length=5, Word=steun], timer=10, turn=4, feedback='Feedback [s correct, t correct, e correct, u correct, n correct]'}, Round{word=word [Length=5, Word=zemen], timer=10, turn=3, feedback='Feedback [s invalid, t invalid, e invalid, u invalid, r invalid, e invalid, n invalid]'}], active=true, score=20, gameKey=mF36k9hUmH}]
Feedback [s invalid, t invalid, e invalid, u invalid]
Game{rounds=[], active=false, score=0, gameKey=mF36k9hUmH}[Game{rounds=[Round{word=word [Length=5, Word=sneep], timer=10, turn=2, feedback='Feedback [p invalid, e invalid, a invalid, n invalid, u invalid, t invalid]'}], active=true, score=0, gameKey=0Wmghq9k2Z}, Game{rounds=[Round{word=word [Length=5, Word=steun], timer=10, turn=4, feedback='Feedback [s correct, t correct, e correct, u correct, n correct]'}, Round{word=word [Length=5, Word=zemen], timer=10, turn=3, feedback='Feedback [s invalid, t invalid, e invalid, u invalid]'}], active=true, score=20, gameKey=mF36k9hUmH}]
Game{rounds=[], active=false, score=0, gameKey=mF36k9hUmH}[Game{rounds=[Round{word=word [Length=5, Word=sneep], timer=10, turn=2, feedback='Feedback [p invalid, e invalid, a invalid, n invalid, u invalid, t invalid]'}], active=true, score=0, gameKey=0Wmghq9k2Z}, Game{rounds=[Round{word=word [Length=5, Word=steun], timer=10, turn=4, feedback='Feedback [s correct, t correct, e correct, u correct, n correct]'}, Round{word=word [Length=5, Word=zemen], timer=10, turn=3, feedback='Feedback [s invalid, t invalid, e invalid, u invalid]'}], active=true, score=20, gameKey=mF36k9hUmH}]
Game{rounds=[], active=false, score=0, gameKey=mF36k9hUmH}[Game{rounds=[Round{word=word [Length=5, Word=sneep], timer=10, turn=2, feedback='Feedback [p invalid, e invalid, a invalid, n invalid, u invalid, t invalid]'}], active=true, score=0, gameKey=0Wmghq9k2Z}, Game{rounds=[Round{word=word [Length=5, Word=steun], timer=10, turn=4, feedback='Feedback [s correct, t correct, e correct, u correct, n correct]'}, Round{word=word [Length=5, Word=zemen], timer=10, turn=4, feedback='Feedback [s invalid, t invalid, e invalid, u invalid]'}], active=true, score=20, gameKey=mF36k9hUmH}]
Score:20
Game{rounds=[], active=false, score=0, gameKey=mF36k9hUmH}[Game{rounds=[Round{word=word [Length=5, Word=sneep], timer=10, turn=2, feedback='Feedback [p invalid, e invalid, a invalid, n invalid, u invalid, t invalid]'}], active=true, score=0, gameKey=0Wmghq9k2Z}, Game{rounds=[Round{word=word [Length=5, Word=steun], timer=10, turn=4, feedback='Feedback [s correct, t correct, e correct, u correct, n correct]'}, Round{word=word [Length=5, Word=zemen], timer=10, turn=4, feedback='Feedback [s invalid, t invalid, e invalid, u invalid]'}], active=true, score=20, gameKey=mF36k9hUmH}]
Round:2
Game{rounds=[], active=false, score=0, gameKey=mF36k9hUmH}[Game{rounds=[Round{word=word [Length=5, Word=sneep], timer=10, turn=2, feedback='Feedback [p invalid, e invalid, a invalid, n invalid, u invalid, t invalid]'}], active=true, score=0, gameKey=0Wmghq9k2Z}, Game{rounds=[Round{word=word [Length=5, Word=steun], timer=10, turn=4, feedback='Feedback [s correct, t correct, e correct, u correct, n correct]'}, Round{word=word [Length=5, Word=zemen], timer=10, turn=4, feedback='Feedback [s invalid, t invalid, e invalid, u invalid]'}], active=true, score=20, gameKey=mF36k9hUmH}]
Turns left:4/5
Game{rounds=[], active=false, score=0, gameKey=mF36k9hUmH}[Game{rounds=[Round{word=word [Length=5, Word=sneep], timer=10, turn=2, feedback='Feedback [p invalid, e invalid, a invalid, n invalid, u invalid, t invalid]'}], active=true, score=0, gameKey=0Wmghq9k2Z}, Game{rounds=[Round{word=word [Length=5, Word=steun], timer=10, turn=4, feedback='Feedback [s correct, t correct, e correct, u correct, n correct]'}, Round{word=word [Length=5, Word=zemen], timer=10, turn=4, feedback='Feedback [s invalid, t invalid, e invalid, u invalid]'}], active=true, score=20, gameKey=mF36k9hUmH}]
Time left:10
Game{rounds=[], active=false, score=0, gameKey=mF36k9hUmH}[Game{rounds=[Round{word=word [Length=5, Word=sneep], timer=10, turn=2, feedback='Feedback [p invalid, e invalid, a invalid, n invalid, u invalid, t invalid]'}], active=true, score=0, gameKey=0Wmghq9k2Z}, Game{rounds=[Round{word=word [Length=5, Word=steun], timer=10, turn=4, feedback='Feedback [s correct, t correct, e correct, u correct, n correct]'}, Round{word=word [Length=5, Word=zemen], timer=10, turn=4, feedback='Feedback [s invalid, t invalid, e invalid, u invalid]'}], active=true, score=20, gameKey=mF36k9hUmH}]
To guess word:word [Length=5, Word=zemen]
Game{rounds=[], active=false, score=0, gameKey=mF36k9hUmH}[Game{rounds=[Round{word=word [Length=5, Word=sneep], timer=10, turn=2, feedback='Feedback [p invalid, e invalid, a invalid, n invalid, u invalid, t invalid]'}], active=true, score=0, gameKey=0Wmghq9k2Z}, Game{rounds=[Round{word=word [Length=5, Word=steun], timer=10, turn=4, feedback='Feedback [s correct, t correct, e correct, u correct, n correct]'}, Round{word=word [Length=5, Word=zemen], timer=10, turn=4, feedback='Feedback [s invalid, t invalid, e invalid, u invalid]'}], active=true, score=20, gameKey=mF36k9hUmH}]
Game word parts with placehodler:zeme_
Game{rounds=[], active=false, score=0, gameKey=mF36k9hUmH}[Game{rounds=[Round{word=word [Length=5, Word=sneep], timer=10, turn=2, feedback='Feedback [p invalid, e invalid, a invalid, n invalid, u invalid, t invalid]'}], active=true, score=0, gameKey=0Wmghq9k2Z}, Game{rounds=[Round{word=word [Length=5, Word=steun], timer=10, turn=4, feedback='Feedback [s correct, t correct, e correct, u correct, n correct]'}, Round{word=word [Length=5, Word=zemen], timer=10, turn=4, feedback='Feedback [s invalid, t invalid, e invalid, u invalid]'}], active=true, score=20, gameKey=mF36k9hUmH}]
Game word parts:zeme
Game{rounds=[], active=false, score=0, gameKey=mF36k9hUmH}[Game{rounds=[Round{word=word [Length=5, Word=sneep], timer=10, turn=2, feedback='Feedback [p invalid, e invalid, a invalid, n invalid, u invalid, t invalid]'}], active=true, score=0, gameKey=0Wmghq9k2Z}, Game{rounds=[Round{word=word [Length=5, Word=steun], timer=10, turn=4, feedback='Feedback [s correct, t correct, e correct, u correct, n correct]'}, Round{word=word [Length=5, Word=zemen], timer=10, turn=4, feedback='Feedback [s invalid, t invalid, e invalid, u invalid]'}], active=true, score=20, gameKey=mF36k9hUmH}]
Game{rounds=[], active=false, score=0, gameKey=mF36k9hUmH}[Game{rounds=[Round{word=word [Length=5, Word=sneep], timer=10, turn=2, feedback='Feedback [p invalid, e invalid, a invalid, n invalid, u invalid, t invalid]'}], active=true, score=0, gameKey=0Wmghq9k2Z}, Game{rounds=[Round{word=word [Length=5, Word=steun], timer=10, turn=4, feedback='Feedback [s correct, t correct, e correct, u correct, n correct]'}, Round{word=word [Length=5, Word=zemen], timer=10, turn=4, feedback='Feedback [s invalid, t invalid, e invalid, u invalid]'}], active=true, score=20, gameKey=mF36k9hUmH}]
steue : false
Feedback [s invalid, t invalid, e invalid, u invalid, e invalid]
Game{rounds=[], active=false, score=0, gameKey=mF36k9hUmH}[Game{rounds=[Round{word=word [Length=5, Word=sneep], timer=10, turn=2, feedback='Feedback [p invalid, e invalid, a invalid, n invalid, u invalid, t invalid]'}], active=true, score=0, gameKey=0Wmghq9k2Z}, Game{rounds=[Round{word=word [Length=5, Word=steun], timer=10, turn=4, feedback='Feedback [s correct, t correct, e correct, u correct, n correct]'}, Round{word=word [Length=5, Word=zemen], timer=10, turn=4, feedback='Feedback [s invalid, t invalid, e invalid, u invalid, e invalid]'}], active=true, score=20, gameKey=mF36k9hUmH}]
Game{rounds=[], active=false, score=0, gameKey=mF36k9hUmH}[Game{rounds=[Round{word=word [Length=5, Word=sneep], timer=10, turn=2, feedback='Feedback [p invalid, e invalid, a invalid, n invalid, u invalid, t invalid]'}], active=true, score=0, gameKey=0Wmghq9k2Z}, Game{rounds=[Round{word=word [Length=5, Word=steun], timer=10, turn=4, feedback='Feedback [s correct, t correct, e correct, u correct, n correct]'}, Round{word=word [Length=5, Word=zemen], timer=10, turn=4, feedback='Feedback [s invalid, t invalid, e invalid, u invalid, e invalid]'}], active=true, score=20, gameKey=mF36k9hUmH}]
Game{rounds=[], active=false, score=0, gameKey=mF36k9hUmH}[Game{rounds=[Round{word=word [Length=5, Word=sneep], timer=10, turn=2, feedback='Feedback [p invalid, e invalid, a invalid, n invalid, u invalid, t invalid]'}], active=true, score=0, gameKey=0Wmghq9k2Z}, Game{rounds=[Round{word=word [Length=5, Word=steun], timer=10, turn=4, feedback='Feedback [s correct, t correct, e correct, u correct, n correct]'}, Round{word=word [Length=5, Word=zemen], timer=10, turn=5, feedback='Feedback [s invalid, t invalid, e invalid, u invalid, e invalid]'}], active=true, score=20, gameKey=mF36k9hUmH}]
Score:20
Game{rounds=[], active=false, score=0, gameKey=mF36k9hUmH}[Game{rounds=[Round{word=word [Length=5, Word=sneep], timer=10, turn=2, feedback='Feedback [p invalid, e invalid, a invalid, n invalid, u invalid, t invalid]'}], active=true, score=0, gameKey=0Wmghq9k2Z}, Game{rounds=[Round{word=word [Length=5, Word=steun], timer=10, turn=4, feedback='Feedback [s correct, t correct, e correct, u correct, n correct]'}, Round{word=word [Length=5, Word=zemen], timer=10, turn=5, feedback='Feedback [s invalid, t invalid, e invalid, u invalid, e invalid]'}], active=true, score=20, gameKey=mF36k9hUmH}]
Round:2
Game{rounds=[], active=false, score=0, gameKey=mF36k9hUmH}[Game{rounds=[Round{word=word [Length=5, Word=sneep], timer=10, turn=2, feedback='Feedback [p invalid, e invalid, a invalid, n invalid, u invalid, t invalid]'}], active=true, score=0, gameKey=0Wmghq9k2Z}, Game{rounds=[Round{word=word [Length=5, Word=steun], timer=10, turn=4, feedback='Feedback [s correct, t correct, e correct, u correct, n correct]'}, Round{word=word [Length=5, Word=zemen], timer=10, turn=5, feedback='Feedback [s invalid, t invalid, e invalid, u invalid, e invalid]'}], active=true, score=20, gameKey=mF36k9hUmH}]
Turns left:5/5
Game{rounds=[], active=false, score=0, gameKey=mF36k9hUmH}[Game{rounds=[Round{word=word [Length=5, Word=sneep], timer=10, turn=2, feedback='Feedback [p invalid, e invalid, a invalid, n invalid, u invalid, t invalid]'}], active=true, score=0, gameKey=0Wmghq9k2Z}, Game{rounds=[Round{word=word [Length=5, Word=steun], timer=10, turn=4, feedback='Feedback [s correct, t correct, e correct, u correct, n correct]'}, Round{word=word [Length=5, Word=zemen], timer=10, turn=5, feedback='Feedback [s invalid, t invalid, e invalid, u invalid, e invalid]'}], active=true, score=20, gameKey=mF36k9hUmH}]
Time left:10
Game{rounds=[], active=false, score=0, gameKey=mF36k9hUmH}[Game{rounds=[Round{word=word [Length=5, Word=sneep], timer=10, turn=2, feedback='Feedback [p invalid, e invalid, a invalid, n invalid, u invalid, t invalid]'}], active=true, score=0, gameKey=0Wmghq9k2Z}, Game{rounds=[Round{word=word [Length=5, Word=steun], timer=10, turn=4, feedback='Feedback [s correct, t correct, e correct, u correct, n correct]'}, Round{word=word [Length=5, Word=zemen], timer=10, turn=5, feedback='Feedback [s invalid, t invalid, e invalid, u invalid, e invalid]'}], active=true, score=20, gameKey=mF36k9hUmH}]
To guess word:word [Length=5, Word=zemen]
Game{rounds=[], active=false, score=0, gameKey=mF36k9hUmH}[Game{rounds=[Round{word=word [Length=5, Word=sneep], timer=10, turn=2, feedback='Feedback [p invalid, e invalid, a invalid, n invalid, u invalid, t invalid]'}], active=true, score=0, gameKey=0Wmghq9k2Z}, Game{rounds=[Round{word=word [Length=5, Word=steun], timer=10, turn=4, feedback='Feedback [s correct, t correct, e correct, u correct, n correct]'}, Round{word=word [Length=5, Word=zemen], timer=10, turn=5, feedback='Feedback [s invalid, t invalid, e invalid, u invalid, e invalid]'}], active=true, score=20, gameKey=mF36k9hUmH}]
Game word parts with placehodler:zemen
Game{rounds=[], active=false, score=0, gameKey=mF36k9hUmH}[Game{rounds=[Round{word=word [Length=5, Word=sneep], timer=10, turn=2, feedback='Feedback [p invalid, e invalid, a invalid, n invalid, u invalid, t invalid]'}], active=true, score=0, gameKey=0Wmghq9k2Z}, Game{rounds=[Round{word=word [Length=5, Word=steun], timer=10, turn=4, feedback='Feedback [s correct, t correct, e correct, u correct, n correct]'}, Round{word=word [Length=5, Word=zemen], timer=10, turn=5, feedback='Feedback [s invalid, t invalid, e invalid, u invalid, e invalid]'}], active=true, score=20, gameKey=mF36k9hUmH}]
Game word parts:zemen
Game{rounds=[], active=false, score=0, gameKey=mF36k9hUmH}[Game{rounds=[Round{word=word [Length=5, Word=sneep], timer=10, turn=2, feedback='Feedback [p invalid, e invalid, a invalid, n invalid, u invalid, t invalid]'}], active=true, score=0, gameKey=0Wmghq9k2Z}, Game{rounds=[Round{word=word [Length=5, Word=steun], timer=10, turn=4, feedback='Feedback [s correct, t correct, e correct, u correct, n correct]'}, Round{word=word [Length=5, Word=zemen], timer=10, turn=5, feedback='Feedback [s invalid, t invalid, e invalid, u invalid, e invalid]'}], active=true, score=20, gameKey=mF36k9hUmH}]
Game{rounds=[], active=false, score=0, gameKey=mF36k9hUmH}[Game{rounds=[Round{word=word [Length=5, Word=sneep], timer=10, turn=2, feedback='Feedback [p invalid, e invalid, a invalid, n invalid, u invalid, t invalid]'}], active=true, score=0, gameKey=0Wmghq9k2Z}, Game{rounds=[Round{word=word [Length=5, Word=steun], timer=10, turn=4, feedback='Feedback [s correct, t correct, e correct, u correct, n correct]'}, Round{word=word [Length=5, Word=zemen], timer=10, turn=5, feedback='Feedback [s invalid, t invalid, e invalid, u invalid, e invalid]'}], active=true, score=20, gameKey=mF36k9hUmH}]
steueee : false
Feedback [s invalid, t invalid, e invalid, u invalid, e invalid, e invalid, e invalid]
Game{rounds=[], active=false, score=0, gameKey=mF36k9hUmH}[Game{rounds=[Round{word=word [Length=5, Word=sneep], timer=10, turn=2, feedback='Feedback [p invalid, e invalid, a invalid, n invalid, u invalid, t invalid]'}], active=true, score=0, gameKey=0Wmghq9k2Z}, Game{rounds=[Round{word=word [Length=5, Word=steun], timer=10, turn=4, feedback='Feedback [s correct, t correct, e correct, u correct, n correct]'}, Round{word=word [Length=5, Word=zemen], timer=10, turn=5, feedback='Feedback [s invalid, t invalid, e invalid, u invalid, e invalid, e invalid, e invalid]'}], active=true, score=20, gameKey=mF36k9hUmH}]
word [Length=5, Word=halal]
Game{rounds=[], active=false, score=0, gameKey=mF36k9hUmH}[Game{rounds=[Round{word=word [Length=5, Word=sneep], timer=10, turn=2, feedback='Feedback [p invalid, e invalid, a invalid, n invalid, u invalid, t invalid]'}], active=true, score=0, gameKey=0Wmghq9k2Z}, Game{rounds=[Round{word=word [Length=5, Word=steun], timer=10, turn=4, feedback='Feedback [s correct, t correct, e correct, u correct, n correct]'}, Round{word=word [Length=5, Word=zemen], timer=10, turn=5, feedback='Feedback [s invalid, t invalid, e invalid, u invalid, e invalid, e invalid, e invalid]'}], active=true, score=20, gameKey=mF36k9hUmH}]
Game{rounds=[], active=false, score=0, gameKey=mF36k9hUmH}[Game{rounds=[Round{word=word [Length=5, Word=sneep], timer=10, turn=2, feedback='Feedback [p invalid, e invalid, a invalid, n invalid, u invalid, t invalid]'}], active=true, score=0, gameKey=0Wmghq9k2Z}, Game{rounds=[Round{word=word [Length=5, Word=steun], timer=10, turn=4, feedback='Feedback [s correct, t correct, e correct, u correct, n correct]'}, Round{word=word [Length=5, Word=zemen], timer=10, turn=5, feedback='Feedback [s invalid, t invalid, e invalid, u invalid, e invalid, e invalid, e invalid]'}, Round{word=word [Length=5, Word=halal], timer=10, turn=1, feedback='null'}], active=true, score=20, gameKey=mF36k9hUmH}]
Game{rounds=[], active=false, score=0, gameKey=mF36k9hUmH}[Game{rounds=[Round{word=word [Length=5, Word=sneep], timer=10, turn=2, feedback='Feedback [p invalid, e invalid, a invalid, n invalid, u invalid, t invalid]'}], active=true, score=0, gameKey=0Wmghq9k2Z}, Game{rounds=[Round{word=word [Length=5, Word=steun], timer=10, turn=4, feedback='Feedback [s correct, t correct, e correct, u correct, n correct]'}, Round{word=word [Length=5, Word=zemen], timer=10, turn=5, feedback='Feedback [s invalid, t invalid, e invalid, u invalid, e invalid, e invalid, e invalid]'}, Round{word=word [Length=5, Word=halal], timer=10, turn=1, feedback='null'}], active=true, score=20, gameKey=mF36k9hUmH}]
Score:20
Game{rounds=[], active=false, score=0, gameKey=mF36k9hUmH}[Game{rounds=[Round{word=word [Length=5, Word=sneep], timer=10, turn=2, feedback='Feedback [p invalid, e invalid, a invalid, n invalid, u invalid, t invalid]'}], active=true, score=0, gameKey=0Wmghq9k2Z}, Game{rounds=[Round{word=word [Length=5, Word=steun], timer=10, turn=4, feedback='Feedback [s correct, t correct, e correct, u correct, n correct]'}, Round{word=word [Length=5, Word=zemen], timer=10, turn=5, feedback='Feedback [s invalid, t invalid, e invalid, u invalid, e invalid, e invalid, e invalid]'}, Round{word=word [Length=5, Word=halal], timer=10, turn=1, feedback='null'}], active=true, score=20, gameKey=mF36k9hUmH}]
Round:3
Game{rounds=[], active=false, score=0, gameKey=mF36k9hUmH}[Game{rounds=[Round{word=word [Length=5, Word=sneep], timer=10, turn=2, feedback='Feedback [p invalid, e invalid, a invalid, n invalid, u invalid, t invalid]'}], active=true, score=0, gameKey=0Wmghq9k2Z}, Game{rounds=[Round{word=word [Length=5, Word=steun], timer=10, turn=4, feedback='Feedback [s correct, t correct, e correct, u correct, n correct]'}, Round{word=word [Length=5, Word=zemen], timer=10, turn=5, feedback='Feedback [s invalid, t invalid, e invalid, u invalid, e invalid, e invalid, e invalid]'}, Round{word=word [Length=5, Word=halal], timer=10, turn=1, feedback='null'}], active=true, score=20, gameKey=mF36k9hUmH}]
Turns left:1/5
Game{rounds=[], active=false, score=0, gameKey=mF36k9hUmH}[Game{rounds=[Round{word=word [Length=5, Word=sneep], timer=10, turn=2, feedback='Feedback [p invalid, e invalid, a invalid, n invalid, u invalid, t invalid]'}], active=true, score=0, gameKey=0Wmghq9k2Z}, Game{rounds=[Round{word=word [Length=5, Word=steun], timer=10, turn=4, feedback='Feedback [s correct, t correct, e correct, u correct, n correct]'}, Round{word=word [Length=5, Word=zemen], timer=10, turn=5, feedback='Feedback [s invalid, t invalid, e invalid, u invalid, e invalid, e invalid, e invalid]'}, Round{word=word [Length=5, Word=halal], timer=10, turn=1, feedback='null'}], active=true, score=20, gameKey=mF36k9hUmH}]
Time left:10
Game{rounds=[], active=false, score=0, gameKey=mF36k9hUmH}[Game{rounds=[Round{word=word [Length=5, Word=sneep], timer=10, turn=2, feedback='Feedback [p invalid, e invalid, a invalid, n invalid, u invalid, t invalid]'}], active=true, score=0, gameKey=0Wmghq9k2Z}, Game{rounds=[Round{word=word [Length=5, Word=steun], timer=10, turn=4, feedback='Feedback [s correct, t correct, e correct, u correct, n correct]'}, Round{word=word [Length=5, Word=zemen], timer=10, turn=5, feedback='Feedback [s invalid, t invalid, e invalid, u invalid, e invalid, e invalid, e invalid]'}, Round{word=word [Length=5, Word=halal], timer=10, turn=1, feedback='null'}], active=true, score=20, gameKey=mF36k9hUmH}]
To guess word:word [Length=5, Word=halal]
Game{rounds=[], active=false, score=0, gameKey=mF36k9hUmH}[Game{rounds=[Round{word=word [Length=5, Word=sneep], timer=10, turn=2, feedback='Feedback [p invalid, e invalid, a invalid, n invalid, u invalid, t invalid]'}], active=true, score=0, gameKey=0Wmghq9k2Z}, Game{rounds=[Round{word=word [Length=5, Word=steun], timer=10, turn=4, feedback='Feedback [s correct, t correct, e correct, u correct, n correct]'}, Round{word=word [Length=5, Word=zemen], timer=10, turn=5, feedback='Feedback [s invalid, t invalid, e invalid, u invalid, e invalid, e invalid, e invalid]'}, Round{word=word [Length=5, Word=halal], timer=10, turn=1, feedback='null'}], active=true, score=20, gameKey=mF36k9hUmH}]
Game word parts with placehodler:h____
Game{rounds=[], active=false, score=0, gameKey=mF36k9hUmH}[Game{rounds=[Round{word=word [Length=5, Word=sneep], timer=10, turn=2, feedback='Feedback [p invalid, e invalid, a invalid, n invalid, u invalid, t invalid]'}], active=true, score=0, gameKey=0Wmghq9k2Z}, Game{rounds=[Round{word=word [Length=5, Word=steun], timer=10, turn=4, feedback='Feedback [s correct, t correct, e correct, u correct, n correct]'}, Round{word=word [Length=5, Word=zemen], timer=10, turn=5, feedback='Feedback [s invalid, t invalid, e invalid, u invalid, e invalid, e invalid, e invalid]'}, Round{word=word [Length=5, Word=halal], timer=10, turn=1, feedback='null'}], active=true, score=20, gameKey=mF36k9hUmH}]
Game word parts:h
Game{rounds=[], active=false, score=0, gameKey=mF36k9hUmH}[Game{rounds=[Round{word=word [Length=5, Word=sneep], timer=10, turn=2, feedback='Feedback [p invalid, e invalid, a invalid, n invalid, u invalid, t invalid]'}], active=true, score=0, gameKey=0Wmghq9k2Z}, Game{rounds=[Round{word=word [Length=5, Word=steun], timer=10, turn=4, feedback='Feedback [s correct, t correct, e correct, u correct, n correct]'}, Round{word=word [Length=5, Word=zemen], timer=10, turn=5, feedback='Feedback [s invalid, t invalid, e invalid, u invalid, e invalid, e invalid, e invalid]'}, Round{word=word [Length=5, Word=halal], timer=10, turn=1, feedback='null'}], active=true, score=20, gameKey=mF36k9hUmH}]
Game{rounds=[], active=false, score=0, gameKey=mF36k9hUmH}[Game{rounds=[Round{word=word [Length=5, Word=sneep], timer=10, turn=2, feedback='Feedback [p invalid, e invalid, a invalid, n invalid, u invalid, t invalid]'}], active=true, score=0, gameKey=0Wmghq9k2Z}, Game{rounds=[Round{word=word [Length=5, Word=steun], timer=10, turn=4, feedback='Feedback [s correct, t correct, e correct, u correct, n correct]'}, Round{word=word [Length=5, Word=zemen], timer=10, turn=5, feedback='Feedback [s invalid, t invalid, e invalid, u invalid, e invalid, e invalid, e invalid]'}, Round{word=word [Length=5, Word=halal], timer=10, turn=1, feedback='null'}], active=true, score=20, gameKey=mF36k9hUmH}]
Feedback [s invalid, t invalid, e invalid, u invalid, e invalid, e invalid, e invalid, r invalid, e invalid, e invalid, e invalid]
Game{rounds=[], active=false, score=0, gameKey=mF36k9hUmH}[Game{rounds=[Round{word=word [Length=5, Word=sneep], timer=10, turn=2, feedback='Feedback [p invalid, e invalid, a invalid, n invalid, u invalid, t invalid]'}], active=true, score=0, gameKey=0Wmghq9k2Z}, Game{rounds=[Round{word=word [Length=5, Word=steun], timer=10, turn=4, feedback='Feedback [s correct, t correct, e correct, u correct, n correct]'}, Round{word=word [Length=5, Word=zemen], timer=10, turn=5, feedback='Feedback [s invalid, t invalid, e invalid, u invalid, e invalid, e invalid, e invalid]'}, Round{word=word [Length=5, Word=halal], timer=10, turn=1, feedback='Feedback [s invalid, t invalid, e invalid, u invalid, e invalid, e invalid, e invalid, r invalid, e invalid, e invalid, e invalid]'}], active=true, score=20, gameKey=mF36k9hUmH}]
Game{rounds=[], active=false, score=0, gameKey=mF36k9hUmH}[Game{rounds=[Round{word=word [Length=5, Word=sneep], timer=10, turn=2, feedback='Feedback [p invalid, e invalid, a invalid, n invalid, u invalid, t invalid]'}], active=true, score=0, gameKey=0Wmghq9k2Z}, Game{rounds=[Round{word=word [Length=5, Word=steun], timer=10, turn=4, feedback='Feedback [s correct, t correct, e correct, u correct, n correct]'}, Round{word=word [Length=5, Word=zemen], timer=10, turn=5, feedback='Feedback [s invalid, t invalid, e invalid, u invalid, e invalid, e invalid, e invalid]'}, Round{word=word [Length=5, Word=halal], timer=10, turn=1, feedback='Feedback [s invalid, t invalid, e invalid, u invalid, e invalid, e invalid, e invalid, r invalid, e invalid, e invalid, e invalid]'}], active=true, score=20, gameKey=mF36k9hUmH}]
Game{rounds=[], active=false, score=0, gameKey=mF36k9hUmH}[Game{rounds=[Round{word=word [Length=5, Word=sneep], timer=10, turn=2, feedback='Feedback [p invalid, e invalid, a invalid, n invalid, u invalid, t invalid]'}], active=true, score=0, gameKey=0Wmghq9k2Z}, Game{rounds=[Round{word=word [Length=5, Word=steun], timer=10, turn=4, feedback='Feedback [s correct, t correct, e correct, u correct, n correct]'}, Round{word=word [Length=5, Word=zemen], timer=10, turn=5, feedback='Feedback [s invalid, t invalid, e invalid, u invalid, e invalid, e invalid, e invalid]'}, Round{word=word [Length=5, Word=halal], timer=10, turn=2, feedback='Feedback [s invalid, t invalid, e invalid, u invalid, e invalid, e invalid, e invalid, r invalid, e invalid, e invalid, e invalid]'}], active=true, score=20, gameKey=mF36k9hUmH}]
Score:20
Game{rounds=[], active=false, score=0, gameKey=mF36k9hUmH}[Game{rounds=[Round{word=word [Length=5, Word=sneep], timer=10, turn=2, feedback='Feedback [p invalid, e invalid, a invalid, n invalid, u invalid, t invalid]'}], active=true, score=0, gameKey=0Wmghq9k2Z}, Game{rounds=[Round{word=word [Length=5, Word=steun], timer=10, turn=4, feedback='Feedback [s correct, t correct, e correct, u correct, n correct]'}, Round{word=word [Length=5, Word=zemen], timer=10, turn=5, feedback='Feedback [s invalid, t invalid, e invalid, u invalid, e invalid, e invalid, e invalid]'}, Round{word=word [Length=5, Word=halal], timer=10, turn=2, feedback='Feedback [s invalid, t invalid, e invalid, u invalid, e invalid, e invalid, e invalid, r invalid, e invalid, e invalid, e invalid]'}], active=true, score=20, gameKey=mF36k9hUmH}]
Round:3
Game{rounds=[], active=false, score=0, gameKey=mF36k9hUmH}[Game{rounds=[Round{word=word [Length=5, Word=sneep], timer=10, turn=2, feedback='Feedback [p invalid, e invalid, a invalid, n invalid, u invalid, t invalid]'}], active=true, score=0, gameKey=0Wmghq9k2Z}, Game{rounds=[Round{word=word [Length=5, Word=steun], timer=10, turn=4, feedback='Feedback [s correct, t correct, e correct, u correct, n correct]'}, Round{word=word [Length=5, Word=zemen], timer=10, turn=5, feedback='Feedback [s invalid, t invalid, e invalid, u invalid, e invalid, e invalid, e invalid]'}, Round{word=word [Length=5, Word=halal], timer=10, turn=2, feedback='Feedback [s invalid, t invalid, e invalid, u invalid, e invalid, e invalid, e invalid, r invalid, e invalid, e invalid, e invalid]'}], active=true, score=20, gameKey=mF36k9hUmH}]
Turns left:2/5
Game{rounds=[], active=false, score=0, gameKey=mF36k9hUmH}[Game{rounds=[Round{word=word [Length=5, Word=sneep], timer=10, turn=2, feedback='Feedback [p invalid, e invalid, a invalid, n invalid, u invalid, t invalid]'}], active=true, score=0, gameKey=0Wmghq9k2Z}, Game{rounds=[Round{word=word [Length=5, Word=steun], timer=10, turn=4, feedback='Feedback [s correct, t correct, e correct, u correct, n correct]'}, Round{word=word [Length=5, Word=zemen], timer=10, turn=5, feedback='Feedback [s invalid, t invalid, e invalid, u invalid, e invalid, e invalid, e invalid]'}, Round{word=word [Length=5, Word=halal], timer=10, turn=2, feedback='Feedback [s invalid, t invalid, e invalid, u invalid, e invalid, e invalid, e invalid, r invalid, e invalid, e invalid, e invalid]'}], active=true, score=20, gameKey=mF36k9hUmH}]
Time left:10
Game{rounds=[], active=false, score=0, gameKey=mF36k9hUmH}[Game{rounds=[Round{word=word [Length=5, Word=sneep], timer=10, turn=2, feedback='Feedback [p invalid, e invalid, a invalid, n invalid, u invalid, t invalid]'}], active=true, score=0, gameKey=0Wmghq9k2Z}, Game{rounds=[Round{word=word [Length=5, Word=steun], timer=10, turn=4, feedback='Feedback [s correct, t correct, e correct, u correct, n correct]'}, Round{word=word [Length=5, Word=zemen], timer=10, turn=5, feedback='Feedback [s invalid, t invalid, e invalid, u invalid, e invalid, e invalid, e invalid]'}, Round{word=word [Length=5, Word=halal], timer=10, turn=2, feedback='Feedback [s invalid, t invalid, e invalid, u invalid, e invalid, e invalid, e invalid, r invalid, e invalid, e invalid, e invalid]'}], active=true, score=20, gameKey=mF36k9hUmH}]
To guess word:word [Length=5, Word=halal]
Game{rounds=[], active=false, score=0, gameKey=mF36k9hUmH}[Game{rounds=[Round{word=word [Length=5, Word=sneep], timer=10, turn=2, feedback='Feedback [p invalid, e invalid, a invalid, n invalid, u invalid, t invalid]'}], active=true, score=0, gameKey=0Wmghq9k2Z}, Game{rounds=[Round{word=word [Length=5, Word=steun], timer=10, turn=4, feedback='Feedback [s correct, t correct, e correct, u correct, n correct]'}, Round{word=word [Length=5, Word=zemen], timer=10, turn=5, feedback='Feedback [s invalid, t invalid, e invalid, u invalid, e invalid, e invalid, e invalid]'}, Round{word=word [Length=5, Word=halal], timer=10, turn=2, feedback='Feedback [s invalid, t invalid, e invalid, u invalid, e invalid, e invalid, e invalid, r invalid, e invalid, e invalid, e invalid]'}], active=true, score=20, gameKey=mF36k9hUmH}]
Game word parts with placehodler:ha___
Game{rounds=[], active=false, score=0, gameKey=mF36k9hUmH}[Game{rounds=[Round{word=word [Length=5, Word=sneep], timer=10, turn=2, feedback='Feedback [p invalid, e invalid, a invalid, n invalid, u invalid, t invalid]'}], active=true, score=0, gameKey=0Wmghq9k2Z}, Game{rounds=[Round{word=word [Length=5, Word=steun], timer=10, turn=4, feedback='Feedback [s correct, t correct, e correct, u correct, n correct]'}, Round{word=word [Length=5, Word=zemen], timer=10, turn=5, feedback='Feedback [s invalid, t invalid, e invalid, u invalid, e invalid, e invalid, e invalid]'}, Round{word=word [Length=5, Word=halal], timer=10, turn=2, feedback='Feedback [s invalid, t invalid, e invalid, u invalid, e invalid, e invalid, e invalid, r invalid, e invalid, e invalid, e invalid]'}], active=true, score=20, gameKey=mF36k9hUmH}]
Game word parts:ha
]]></system-out>
  <system-err><![CDATA[SLF4J: Class path contains multiple SLF4J bindings.
SLF4J: Found binding in [jar:file:/C:/Users/jacoc/.gradle/caches/modules-2/files-2.1/ch.qos.logback/logback-classic/1.2.3/7c4f3c474fb2c041d8028740440937705ebb473a/logback-classic-1.2.3.jar!/org/slf4j/impl/StaticLoggerBinder.class]
SLF4J: Found binding in [jar:file:/C:/Users/jacoc/.gradle/caches/modules-2/files-2.1/org.slf4j/slf4j-jdk14/1.7.30/d35953dd2fe54ebe39fdf18cfd82fe6eb35b25ed/slf4j-jdk14-1.7.30.jar!/org/slf4j/impl/StaticLoggerBinder.class]
SLF4J: Found binding in [jar:file:/C:/Users/jacoc/.gradle/caches/modules-2/files-2.1/org.slf4j/slf4j-nop/1.7.30/55d4c73dd343efebd236abfeb367c9ef41d55063/slf4j-nop-1.7.30.jar!/org/slf4j/impl/StaticLoggerBinder.class]
SLF4J: See http://www.slf4j.org/codes.html#multiple_bindings for an explanation.
SLF4J: Actual binding is of type [ch.qos.logback.classic.util.ContextSelectorStaticBinder]
]]></system-err>
</testsuite>
